#
# A fatal error has been detected by the Java Runtime Environment:
#
#  EXCEPTION_ACCESS_VIOLATION (0xc0000005) at pc=0x56e346ae, pid=15256, tid=16880
#
# JRE version: Java(TM) SE Runtime Environment (8.0_45-b15) (build 1.8.0_45-b15)
# Java VM: Java HotSpot(TM) Client VM (25.45-b02 mixed mode windows-x86 )
# Problematic frame:
# V  [jvm.dll+0xe46ae]
#
# Failed to write core dump. Minidumps are not enabled by default on client versions of Windows
#
# If you would like to submit a bug report, please visit:
#   http://bugreport.java.com/bugreport/crash.jsp
#

---------------  T H R E A D  ---------------

Current thread (0x23207c00):  JavaThread "http-nio-8766-exec-4" daemon [_thread_in_vm, id=16880, stack(0x26790000,0x267e0000)]

siginfo: ExceptionCode=0xc0000005, reading address 0x00000000

Registers:
EAX=0x00000000, EBX=0x26137fec, ECX=0x00000000, EDX=0x1df165cc
ESP=0x267dc4d0, EBP=0x267dc4ec, ESI=0x00000000, EDI=0x23207c00
EIP=0x56e346ae, EFLAGS=0x00010246

Top of Stack: (sp=0x267dc4d0)
0x267dc4d0:   2043f1b0 00000000 26137fec 23207c00
0x267dc4e0:   00000000 26137fec 0aa40128 23207d40
0x267dc4f0:   5621386d 23207d40 00000000 00000000
0x267dc500:   00046aa9 26222fb0 0302c3a8 267dc5e8
0x267dc510:   00000000 562137f3 0302c3a8 23207d40
0x267dc520:   00000000 26137fe4 00000000 26137fec
0x267dc530:   26137fe8 00046aa9 26222fb0 267dc5e4
0x267dc540:   267dc5e8 00000000 267dc614 267dc5ec 

Instructions: (pc=0x56e346ae)
0x56e3468e:   c4 08 83 7f 04 00 89 7d f0 c7 45 f4 00 00 00 00
0x56e3469e:   74 08 8d 4d f0 e8 c8 e1 0b 00 8b 75 10 8b 45 0c
0x56e346ae:   8b 10 85 f6 78 32 8b 45 14 85 c0 78 2b 8d 0c 06
0x56e346be:   3b 4a 08 77 23 85 c0 7e 3b 8b 4a 04 8b 49 04 83 


Register to memory mapping:

EAX=0x00000000 is an unknown value
EBX=0x26137fec is an unknown value
ECX=0x00000000 is an unknown value
EDX=0x1df165cc is an unknown value
ESP=0x267dc4d0 is pointing into the stack for thread: 0x23207c00
EBP=0x267dc4ec is pointing into the stack for thread: 0x23207c00
ESI=0x00000000 is an unknown value
EDI=0x23207c00 is a thread


Stack: [0x26790000,0x267e0000],  sp=0x267dc4d0,  free space=305k
Native frames: (J=compiled Java code, j=interpreted, Vv=VM code, C=native code)
V  [jvm.dll+0xe46ae]
C  [jrebel32.dll+0x386d]

Java frames: (J=compiled Java code, j=interpreted, Vv=VM code)
J 1868  java.lang.ClassLoader._jr$jni$defineClass1(Ljava/lang/String;[BIILjava/security/ProtectionDomain;Ljava/lang/String;)Ljava/lang/Class; (0 bytes) @ 0x03645876 [0x036457d0+0xa6]
j  java.lang.ClassLoader.defineClass1(Ljava/lang/String;[BIILjava/security/ProtectionDomain;Ljava/lang/String;)Ljava/lang/Class;+16
j  java.lang.ClassLoader._jr$defineClass(Ljava/lang/String;[BIILjava/security/ProtectionDomain;)Ljava/lang/Class;+27
j  java.lang.ClassLoader.defineClass(Ljava/lang/String;[BIILjava/security/ProtectionDomain;)Ljava/lang/Class;+111
j  java.security.SecureClassLoader.defineClass(Ljava/lang/String;[BIILjava/security/CodeSource;)Ljava/lang/Class;+12
j  java.net.URLClassLoader.defineClass(Ljava/lang/String;Lsun/misc/Resource;)Ljava/lang/Class;+235
J 1563 C1 java.net.URLClassLoader$1.run()Ljava/lang/Class; (73 bytes) @ 0x035e54a8 [0x035e5410+0x98]
J 1562 C1 java.net.URLClassLoader$1.run()Ljava/lang/Object; (9 bytes) @ 0x035e51e8 [0x035e51c0+0x28]
v  ~StubRoutines::call_stub
J 1561  java.security.AccessController.doPrivileged(Ljava/security/PrivilegedExceptionAction;Ljava/security/AccessControlContext;)Ljava/lang/Object; (0 bytes) @ 0x035e4f87 [0x035e4f20+0x67]
J 1305 C1 java.net.URLClassLoader.findClass(Ljava/lang/String;)Ljava/lang/Class; (98 bytes) @ 0x0359ae18 [0x0359ad50+0xc8]
j  java.lang.ClassLoader.loadClass(Ljava/lang/String;Z)Ljava/lang/Class;+77
J 1582 C1 sun.misc.Launcher$AppClassLoader.loadClass(Ljava/lang/String;Z)Ljava/lang/Class; (95 bytes) @ 0x035eb36c [0x035eb1b0+0x1bc]
J 1613 C1 java.lang.ClassLoader.loadClass(Ljava/lang/String;)Ljava/lang/Class; (11 bytes) @ 0x035f490c [0x035f48d0+0x3c]
v  ~StubRoutines::call_stub
j  net.sf.jsqlparser.parser.CCJSqlParserUtil.parse(Ljava/lang/String;)Lnet/sf/jsqlparser/statement/Statement;+0
j  com.github.pagehelper.parser.CountSqlParser.getSmartCountSql(Ljava/lang/String;Ljava/lang/String;)Ljava/lang/String;+22
j  com.github.pagehelper.dialect.AbstractHelperDialect.getCountSql(Lorg/apache/ibatis/mapping/MappedStatement;Lorg/apache/ibatis/mapping/BoundSql;Ljava/lang/Object;Lorg/apache/ibatis/session/RowBounds;Lorg/apache/ibatis/cache/CacheKey;)Ljava/lang/String;+35
j  com.github.pagehelper.PageHelper.getCountSql(Lorg/apache/ibatis/mapping/MappedStatement;Lorg/apache/ibatis/mapping/BoundSql;Ljava/lang/Object;Lorg/apache/ibatis/session/RowBounds;Lorg/apache/ibatis/cache/CacheKey;)Ljava/lang/String;+18
j  com.github.pagehelper.PageInterceptor.intercept(Lorg/apache/ibatis/plugin/Invocation;)Ljava/lang/Object;+269
j  org.apache.ibatis.plugin.Plugin.invoke(Ljava/lang/Object;Ljava/lang/reflect/Method;[Ljava/lang/Object;)Ljava/lang/Object;+60
j  com.sun.proxy.$Proxy892.query(Lorg/apache/ibatis/mapping/MappedStatement;Ljava/lang/Object;Lorg/apache/ibatis/session/RowBounds;Lorg/apache/ibatis/session/ResultHandler;)Ljava/util/List;+29
j  org.apache.ibatis.session.defaults.DefaultSqlSession.selectList(Ljava/lang/String;Ljava/lang/Object;Lorg/apache/ibatis/session/RowBounds;)Ljava/util/List;+29
j  org.apache.ibatis.session.defaults.DefaultSqlSession.selectList(Ljava/lang/String;Ljava/lang/Object;)Ljava/util/List;+10
j  sun.reflect.GeneratedMethodAccessor1585.invoke(Ljava/lang/Object;[Ljava/lang/Object;)Ljava/lang/Object;+48
J 20844 C1 sun.reflect.DelegatingMethodAccessorImpl.invoke(Ljava/lang/Object;[Ljava/lang/Object;)Ljava/lang/Object; (141 bytes) @ 0x035d2214 [0x035d2020+0x1f4]
J 21158 C1 com.zeroturnaround.jrebelbase.facade.Forward.methodInvoke(Lsun/reflect/MethodAccessor;Ljava/lang/Object;[Ljava/lang/Object;Ljava/lang/reflect/Method;)Ljava/lang/Object; (101 bytes) @ 0x033de0d0 [0x033de090+0x40]
J 21357 C1 java.lang.reflect.Method.invoke(Ljava/lang/Object;[Ljava/lang/Object;)Ljava/lang/Object; (69 bytes) @ 0x034f7350 [0x034f7250+0x100]
j  org.mybatis.spring.SqlSessionTemplate$SqlSessionInterceptor.invoke(Ljava/lang/Object;Ljava/lang/reflect/Method;[Ljava/lang/Object;)Ljava/lang/Object;+34
j  com.sun.proxy.$Proxy145.selectList(Ljava/lang/String;Ljava/lang/Object;)Ljava/util/List;+20
j  org.mybatis.spring.SqlSessionTemplate.selectList(Ljava/lang/String;Ljava/lang/Object;)Ljava/util/List;+10
j  org.apache.ibatis.binding.MapperMethod.executeForMany(Lorg/apache/ibatis/session/SqlSession;[Ljava/lang/Object;)Ljava/lang/Object;+59
j  org.apache.ibatis.binding.MapperMethod.execute(Lorg/apache/ibatis/session/SqlSession;[Ljava/lang/Object;)Ljava/lang/Object;+197
j  org.apache.ibatis.binding.MapperProxy.invoke(Ljava/lang/Object;Ljava/lang/reflect/Method;[Ljava/lang/Object;)Ljava/lang/Object;+70
j  com.sun.proxy.$Proxy221.listOrderApply(Lcom/pwd/pc/entity/DTO/OrderApplyDTO;)Ljava/util/List;+20
j  sun.reflect.GeneratedMethodAccessor1628.invoke(Ljava/lang/Object;[Ljava/lang/Object;)Ljava/lang/Object;+40
J 20844 C1 sun.reflect.DelegatingMethodAccessorImpl.invoke(Ljava/lang/Object;[Ljava/lang/Object;)Ljava/lang/Object; (141 bytes) @ 0x035d2214 [0x035d2020+0x1f4]
J 21158 C1 com.zeroturnaround.jrebelbase.facade.Forward.methodInvoke(Lsun/reflect/MethodAccessor;Ljava/lang/Object;[Ljava/lang/Object;Ljava/lang/reflect/Method;)Ljava/lang/Object; (101 bytes) @ 0x033de0d0 [0x033de090+0x40]
J 21357 C1 java.lang.reflect.Method.invoke(Ljava/lang/Object;[Ljava/lang/Object;)Ljava/lang/Object; (69 bytes) @ 0x034f7350 [0x034f7250+0x100]
j  org.springframework.aop.support.AopUtils.invokeJoinpointUsingReflection(Ljava/lang/Object;Ljava/lang/reflect/Method;[Ljava/lang/Object;)Ljava/lang/Object;+7
j  org.springframework.aop.framework.ReflectiveMethodInvocation.invokeJoinpoint()Ljava/lang/Object;+16
j  org.springframework.aop.framework.ReflectiveMethodInvocation.proceed()Ljava/lang/Object;+23
j  org.springframework.dao.support.PersistenceExceptionTranslationInterceptor.invoke(Lorg/aopalliance/intercept/MethodInvocation;)Ljava/lang/Object;+5
j  org.springframework.aop.framework.ReflectiveMethodInvocation.proceed()Ljava/lang/Object;+142
j  org.springframework.aop.framework.JdkDynamicAopProxy.invoke(Ljava/lang/Object;Ljava/lang/reflect/Method;[Ljava/lang/Object;)Ljava/lang/Object;+398
j  com.sun.proxy.$Proxy222.listOrderApply(Lcom/pwd/pc/entity/DTO/OrderApplyDTO;)Ljava/util/List;+20
j  com.pwd.pc.service.impl.OrderApplyServiceImpl.listOrderApply(Lcom/pwd/pc/entity/DTO/OrderApplyDTO;)Ljava/util/List;+9
j  com.pwd.pc.service.impl.OrderApplyServiceImpl$$FastClassBySpringCGLIB$$7bcb7abd.invoke(ILjava/lang/Object;[Ljava/lang/Object;)Ljava/lang/Object;+550
j  org.springframework.cglib.proxy.MethodProxy.invoke(Ljava/lang/Object;[Ljava/lang/Object;)Ljava/lang/Object;+23
j  org.springframework.aop.framework.CglibAopProxy$DynamicAdvisedInterceptor.intercept(Ljava/lang/Object;Ljava/lang/reflect/Method;[Ljava/lang/Object;Lorg/springframework/cglib/proxy/MethodProxy;)Ljava/lang/Object;+115
j  com.pwd.pc.service.impl.OrderApplyServiceImpl$$EnhancerBySpringCGLIB$$5a4443c.listOrderApply(Lcom/pwd/pc/entity/DTO/OrderApplyDTO;)Ljava/util/List;+40
j  com.pwd.pc.controller.order.OrderApplyController.listOrderApply(Lcom/pwd/pc/entity/DTO/OrderApplyDTO;Ljavax/servlet/http/HttpServletRequest;)Lcom/github/wxiaoqi/security/common/msg/TableResultResponse;+21
j  sun.reflect.GeneratedMethodAccessor1627.invoke(Ljava/lang/Object;[Ljava/lang/Object;)Ljava/lang/Object;+48
J 20844 C1 sun.reflect.DelegatingMethodAccessorImpl.invoke(Ljava/lang/Object;[Ljava/lang/Object;)Ljava/lang/Object; (141 bytes) @ 0x035d2214 [0x035d2020+0x1f4]
J 21158 C1 com.zeroturnaround.jrebelbase.facade.Forward.methodInvoke(Lsun/reflect/MethodAccessor;Ljava/lang/Object;[Ljava/lang/Object;Ljava/lang/reflect/Method;)Ljava/lang/Object; (101 bytes) @ 0x033de0d0 [0x033de090+0x40]
J 21357 C1 java.lang.reflect.Method.invoke(Ljava/lang/Object;[Ljava/lang/Object;)Ljava/lang/Object; (69 bytes) @ 0x034f7350 [0x034f7250+0x100]
j  org.springframework.web.method.support.InvocableHandlerMethod.doInvoke([Ljava/lang/Object;)Ljava/lang/Object;+20
j  org.springframework.web.method.support.InvocableHandlerMethod.invokeForRequest(Lorg/springframework/web/context/request/NativeWebRequest;Lorg/springframework/web/method/support/ModelAndViewContainer;[Ljava/lang/Object;)Ljava/lang/Object;+60
j  org.springframework.web.servlet.mvc.method.annotation.ServletInvocableHandlerMethod.invokeAndHandle(Lorg/springframework/web/context/request/ServletWebRequest;Lorg/springframework/web/method/support/ModelAndViewContainer;[Ljava/lang/Object;)V+8
j  org.springframework.web.servlet.mvc.method.annotation.RequestMappingHandlerAdapter.invokeHandlerMethod(Ljavax/servlet/http/HttpServletRequest;Ljavax/servlet/http/HttpServletResponse;Lorg/springframework/web/method/HandlerMethod;)Lorg/springframework/web/servlet/ModelAndView;+256
j  org.springframework.web.servlet.mvc.method.annotation.RequestMappingHandlerAdapter.handleInternal(Ljavax/servlet/http/HttpServletRequest;Ljavax/servlet/http/HttpServletResponse;Lorg/springframework/web/method/HandlerMethod;)Lorg/springframework/web/servlet/ModelAndView;+94
j  org.springframework.web.servlet.mvc.method.AbstractHandlerMethodAdapter.handle(Ljavax/servlet/http/HttpServletRequest;Ljavax/servlet/http/HttpServletResponse;Ljava/lang/Object;)Lorg/springframework/web/servlet/ModelAndView;+13
j  org.springframework.web.servlet.DispatcherServlet.doDispatch(Ljavax/servlet/http/HttpServletRequest;Ljavax/servlet/http/HttpServletResponse;)V+264
j  org.springframework.web.servlet.DispatcherServlet.doService(Ljavax/servlet/http/HttpServletRequest;Ljavax/servlet/http/HttpServletResponse;)V+299
j  org.springframework.web.servlet.FrameworkServlet.processRequest(Ljavax/servlet/http/HttpServletRequest;Ljavax/servlet/http/HttpServletResponse;)V+72
j  org.springframework.web.servlet.FrameworkServlet.doGet(Ljavax/servlet/http/HttpServletRequest;Ljavax/servlet/http/HttpServletResponse;)V+3
j  javax.servlet.http.HttpServlet.service(Ljavax/servlet/http/HttpServletRequest;Ljavax/servlet/http/HttpServletResponse;)V+39
j  org.springframework.web.servlet.FrameworkServlet.service(Ljavax/servlet/http/HttpServletRequest;Ljavax/servlet/http/HttpServletResponse;)V+40
j  javax.servlet.http.HttpServlet.service(Ljavax/servlet/ServletRequest;Ljavax/servlet/ServletResponse;)V+73
j  org.apache.catalina.core.ApplicationFilterChain.internalDoFilter(Ljavax/servlet/ServletRequest;Ljavax/servlet/ServletResponse;)V+340
j  org.apache.catalina.core.ApplicationFilterChain.doFilter(Ljavax/servlet/ServletRequest;Ljavax/servlet/ServletResponse;)V+157
j  org.springframework.boot.actuate.web.trace.servlet.HttpTraceFilter.doFilterInternal(Ljavax/servlet/http/HttpServletRequest;Ljavax/servlet/http/HttpServletResponse;Ljavax/servlet/FilterChain;)V+53
j  org.springframework.web.filter.OncePerRequestFilter.doFilter(Ljavax/servlet/ServletRequest;Ljavax/servlet/ServletResponse;Ljavax/servlet/FilterChain;)V+141
j  org.apache.catalina.core.ApplicationFilterChain.internalDoFilter(Ljavax/servlet/ServletRequest;Ljavax/servlet/ServletResponse;)V+141
j  org.apache.catalina.core.ApplicationFilterChain.doFilter(Ljavax/servlet/ServletRequest;Ljavax/servlet/ServletResponse;)V+157
j  org.springframework.web.filter.RequestContextFilter.doFilterInternal(Ljavax/servlet/http/HttpServletRequest;Ljavax/servlet/http/HttpServletResponse;Ljavax/servlet/FilterChain;)V+25
j  org.springframework.web.filter.OncePerRequestFilter.doFilter(Ljavax/servlet/ServletRequest;Ljavax/servlet/ServletResponse;Ljavax/servlet/FilterChain;)V+141
j  org.apache.catalina.core.ApplicationFilterChain.internalDoFilter(Ljavax/servlet/ServletRequest;Ljavax/servlet/ServletResponse;)V+141
j  org.apache.catalina.core.ApplicationFilterChain.doFilter(Ljavax/servlet/ServletRequest;Ljavax/servlet/ServletResponse;)V+157
j  org.springframework.web.filter.FormContentFilter.doFilterInternal(Ljavax/servlet/http/HttpServletRequest;Ljavax/servlet/http/HttpServletResponse;Ljavax/servlet/FilterChain;)V+42
j  org.springframework.web.filter.OncePerRequestFilter.doFilter(Ljavax/servlet/ServletRequest;Ljavax/servlet/ServletResponse;Ljavax/servlet/FilterChain;)V+141
j  org.apache.catalina.core.ApplicationFilterChain.internalDoFilter(Ljavax/servlet/ServletRequest;Ljavax/servlet/ServletResponse;)V+141
j  org.apache.catalina.core.ApplicationFilterChain.doFilter(Ljavax/servlet/ServletRequest;Ljavax/servlet/ServletResponse;)V+157
j  org.springframework.web.filter.HiddenHttpMethodFilter.doFilterInternal(Ljavax/servlet/http/HttpServletRequest;Ljavax/servlet/http/HttpServletResponse;Ljavax/servlet/FilterChain;)V+91
j  org.springframework.web.filter.OncePerRequestFilter.doFilter(Ljavax/servlet/ServletRequest;Ljavax/servlet/ServletResponse;Ljavax/servlet/FilterChain;)V+141
j  org.apache.catalina.core.ApplicationFilterChain.internalDoFilter(Ljavax/servlet/ServletRequest;Ljavax/servlet/ServletResponse;)V+141
j  org.apache.catalina.core.ApplicationFilterChain.doFilter(Ljavax/servlet/ServletRequest;Ljavax/servlet/ServletResponse;)V+157
j  org.springframework.cloud.sleuth.instrument.web.ExceptionLoggingFilter.doFilter(Ljavax/servlet/ServletRequest;Ljavax/servlet/ServletResponse;Ljavax/servlet/FilterChain;)V+7
j  org.apache.catalina.core.ApplicationFilterChain.internalDoFilter(Ljavax/servlet/ServletRequest;Ljavax/servlet/ServletResponse;)V+141
j  org.apache.catalina.core.ApplicationFilterChain.doFilter(Ljavax/servlet/ServletRequest;Ljavax/servlet/ServletResponse;)V+157
j  brave.servlet.TracingFilter.doFilter(Ljavax/servlet/ServletRequest;Ljavax/servlet/ServletResponse;Ljavax/servlet/FilterChain;)V+166
j  org.apache.catalina.core.ApplicationFilterChain.internalDoFilter(Ljavax/servlet/ServletRequest;Ljavax/servlet/ServletResponse;)V+141
j  org.apache.catalina.core.ApplicationFilterChain.doFilter(Ljavax/servlet/ServletRequest;Ljavax/servlet/ServletResponse;)V+157
j  org.springframework.boot.actuate.metrics.web.servlet.WebMvcMetricsFilter.filterAndRecordMetrics(Ljavax/servlet/http/HttpServletRequest;Ljavax/servlet/http/HttpServletResponse;Ljavax/servlet/FilterChain;)V+21
j  org.springframework.boot.actuate.metrics.web.servlet.WebMvcMetricsFilter.doFilterInternal(Ljavax/servlet/http/HttpServletRequest;Ljavax/servlet/http/HttpServletResponse;Ljavax/servlet/FilterChain;)V+8
j  org.springframework.web.filter.OncePerRequestFilter.doFilter(Ljavax/servlet/ServletRequest;Ljavax/servlet/ServletResponse;Ljavax/servlet/FilterChain;)V+141
j  org.apache.catalina.core.ApplicationFilterChain.internalDoFilter(Ljavax/servlet/ServletRequest;Ljavax/servlet/ServletResponse;)V+141
j  org.apache.catalina.core.ApplicationFilterChain.doFilter(Ljavax/servlet/ServletRequest;Ljavax/servlet/ServletResponse;)V+157
j  org.springframework.web.filter.CharacterEncodingFilter.doFilterInternal(Ljavax/servlet/http/HttpServletRequest;Ljavax/servlet/http/HttpServletResponse;Ljavax/servlet/FilterChain;)V+57
j  org.springframework.web.filter.OncePerRequestFilter.doFilter(Ljavax/servlet/ServletRequest;Ljavax/servlet/ServletResponse;Ljavax/servlet/FilterChain;)V+141
j  org.apache.catalina.core.ApplicationFilterChain.internalDoFilter(Ljavax/servlet/ServletRequest;Ljavax/servlet/ServletResponse;)V+141
j  org.apache.catalina.core.ApplicationFilterChain.doFilter(Ljavax/servlet/ServletRequest;Ljavax/servlet/ServletResponse;)V+157
j  com.alibaba.csp.sentinel.adapter.servlet.CommonFilter.doFilter(Ljavax/servlet/ServletRequest;Ljavax/servlet/ServletResponse;Ljavax/servlet/FilterChain;)V+127
j  org.apache.catalina.core.ApplicationFilterChain.internalDoFilter(Ljavax/servlet/ServletRequest;Ljavax/servlet/ServletResponse;)V+141
j  org.apache.catalina.core.ApplicationFilterChain.doFilter(Ljavax/servlet/ServletRequest;Ljavax/servlet/ServletResponse;)V+157
j  org.apache.catalina.core.StandardWrapperValve.invoke(Lorg/apache/catalina/connector/Request;Lorg/apache/catalina/connector/Response;)V+709
j  org.apache.catalina.core.StandardContextValve.__invoke(Lorg/apache/catalina/connector/Request;Lorg/apache/catalina/connector/Response;)V+166
j  org.apache.catalina.core.StandardContextValve.invoke(Lorg/apache/catalina/connector/Request;Lorg/apache/catalina/connector/Response;)V+9
j  org.apache.catalina.authenticator.AuthenticatorBase.invoke(Lorg/apache/catalina/connector/Request;Lorg/apache/catalina/connector/Response;)V+264
j  org.apache.catalina.core.StandardHostValve.invoke(Lorg/apache/catalina/connector/Request;Lorg/apache/catalina/connector/Response;)V+209
j  org.apache.catalina.valves.ErrorReportValve.invoke(Lorg/apache/catalina/connector/Request;Lorg/apache/catalina/connector/Response;)V+10
j  org.apache.catalina.core.StandardEngineValve.invoke(Lorg/apache/catalina/connector/Request;Lorg/apache/catalina/connector/Response;)V+45
j  org.apache.catalina.connector.CoyoteAdapter.service(Lorg/apache/coyote/Request;Lorg/apache/coyote/Response;)V+683
j  org.apache.coyote.http11.Http11Processor.service(Lorg/apache/tomcat/util/net/SocketWrapperBase;)Lorg/apache/tomcat/util/net/AbstractEndpoint$Handler$SocketState;+799
j  org.apache.coyote.AbstractProcessorLight.process(Lorg/apache/tomcat/util/net/SocketWrapperBase;Lorg/apache/tomcat/util/net/SocketEvent;)Lorg/apache/tomcat/util/net/AbstractEndpoint$Handler$SocketState;+138
j  org.apache.coyote.AbstractProtocol$ConnectionHandler.process(Lorg/apache/tomcat/util/net/SocketWrapperBase;Lorg/apache/tomcat/util/net/SocketEvent;)Lorg/apache/tomcat/util/net/AbstractEndpoint$Handler$SocketState;+433
j  org.apache.tomcat.util.net.NioEndpoint$SocketProcessor.doRun()V+210
j  org.apache.tomcat.util.net.SocketProcessorBase.run()V+24
j  java.util.concurrent.ThreadPoolExecutor.runWorker(Ljava/util/concurrent/ThreadPoolExecutor$Worker;)V+95
j  java.util.concurrent.ThreadPoolExecutor$Worker.run()V+5
j  org.apache.tomcat.util.threads.TaskThread$WrappingRunnable.run()V+8
j  java.lang.Thread.run()V+15
v  ~StubRoutines::call_stub

---------------  P R O C E S S  ---------------

Java Threads: ( => current thread )
  0x261e1800 JavaThread "sentinel-command-center-service-executor-thread-4" [_thread_blocked, id=9664, stack(0x282d0000,0x28320000)]
  0x16550800 JavaThread "sentinel-command-center-service-executor-thread-3" [_thread_blocked, id=10516, stack(0x28240000,0x28290000)]
  0x2363e800 JavaThread "sentinel-command-center-service-executor-thread-2" [_thread_blocked, id=6708, stack(0x281b0000,0x28200000)]
  0x16551000 JavaThread "sentinel-command-center-service-executor-thread-1" [_thread_blocked, id=12568, stack(0x28020000,0x28070000)]
  0x1654f000 JavaThread "sentinel-heartbeat-send-task-thread-2" daemon [_thread_blocked, id=19756, stack(0x27f90000,0x27fe0000)]
  0x25bb8800 JavaThread "sentinel-metrics-record-task-thread-1" daemon [_thread_blocked, id=8700, stack(0x27e00000,0x27e50000)]
  0x25bb3400 JavaThread "sentinel-system-status-record-task-thread-1" daemon [_thread_blocked, id=120, stack(0x27d70000,0x27dc0000)]
  0x25bb5400 JavaThread "sentinel-time-tick-thread" daemon [_thread_blocked, id=10288, stack(0x27bc0000,0x27c10000)]
  0x25bb3000 JavaThread "sentinel-command-center-executor-thread-1" [_thread_in_native, id=7248, stack(0x27ce0000,0x27d30000)]
  0x25bb7c00 JavaThread "sentinel-heartbeat-send-task-thread-1" daemon [_thread_blocked, id=7332, stack(0x27c50000,0x27ca0000)]
  0x25bb8c00 JavaThread "com.alibaba.nacos.client.Worker.longPullingfixed-127.0.0.1_8848" daemon [_thread_in_native, id=25572, stack(0x27a30000,0x27a80000)]
  0x25bb5000 JavaThread "com.alibaba.nacos.client.Worker.fixed-127.0.0.1_8848" daemon [_thread_blocked, id=1940, stack(0x279a0000,0x279f0000)]
  0x25bb3c00 JavaThread "RibbonApacheHttpClientConfiguration.connectionManagerTimer" daemon [_thread_blocked, id=10496, stack(0x27910000,0x27960000)]
  0x1654dc00 JavaThread "DestroyJavaVM" [_thread_blocked, id=9876, stack(0x02c10000,0x02c60000)]
  0x1654d000 JavaThread "com.alibaba.nacos.client.Worker.longPullingfixed-127.0.0.1_8848" daemon [_thread_blocked, id=13164, stack(0x277f0000,0x27840000)]
  0x16552400 JavaThread "Okio Watchdog" daemon [_thread_blocked, id=23012, stack(0x27660000,0x276b0000)]
  0x1654fc00 JavaThread "OkHttp ConnectionPool" daemon [_thread_blocked, id=11648, stack(0x27420000,0x27470000)]
  0x16551c00 JavaThread "PollingServerListUpdater-1" daemon [_thread_blocked, id=23124, stack(0x275d0000,0x27620000)]
  0x1654cc00 JavaThread "DataPublisher" daemon [_thread_blocked, id=13384, stack(0x27540000,0x27590000)]
  0x1654e800 JavaThread "com.alibaba.nacos.client.naming.updater" daemon [_thread_blocked, id=22512, stack(0x274b0000,0x27500000)]
  0x1654c400 JavaThread "PollingServerListUpdater-0" daemon [_thread_blocked, id=6260, stack(0x27100000,0x27150000)]
  0x1654f800 JavaThread "RibbonApacheHttpClientConfiguration.connectionManagerTimer" daemon [_thread_blocked, id=25184, stack(0x27290000,0x272e0000)]
  0x16551400 JavaThread "com.alibaba.nacos.naming.push.receiver" daemon [_thread_in_native, id=23376, stack(0x26f70000,0x26fc0000)]
  0x1e544c00 JavaThread "com.alibaba.nacos.naming.failover" daemon [_thread_blocked, id=24100, stack(0x26ee0000,0x26f30000)]
  0x23208c00 JavaThread "com.alibaba.nacos.naming.beat.sender" daemon [_thread_blocked, id=16608, stack(0x26e50000,0x26ea0000)]
  0x23208000 JavaThread "com.alibaba.nacos.client.naming.serverlist.updater" daemon [_thread_blocked, id=20392, stack(0x26dc0000,0x26e10000)]
  0x23207400 JavaThread "com.alibaba.nacos.naming.client.listener" daemon [_thread_blocked, id=23628, stack(0x26d30000,0x26d80000)]
  0x23206c00 JavaThread "http-nio-8766-Acceptor-0" daemon [_thread_in_native, id=22508, stack(0x26ca0000,0x26cf0000)]
  0x23206800 JavaThread "http-nio-8766-ClientPoller-1" daemon [_thread_in_native, id=21056, stack(0x26c10000,0x26c60000)]
  0x23203c00 JavaThread "http-nio-8766-ClientPoller-0" daemon [_thread_in_native, id=21736, stack(0x26b80000,0x26bd0000)]
  0x23205c00 JavaThread "http-nio-8766-exec-10" daemon [_thread_blocked, id=5828, stack(0x26af0000,0x26b40000)]
  0x23203000 JavaThread "http-nio-8766-exec-9" daemon [_thread_blocked, id=15160, stack(0x26a60000,0x26ab0000)]
  0x23205400 JavaThread "http-nio-8766-exec-8" daemon [_thread_blocked, id=3212, stack(0x269d0000,0x26a20000)]
  0x23205000 JavaThread "http-nio-8766-exec-7" daemon [_thread_blocked, id=1412, stack(0x26940000,0x26990000)]
  0x23202800 JavaThread "http-nio-8766-exec-6" daemon [_thread_blocked, id=10160, stack(0x268b0000,0x26900000)]
  0x23204000 JavaThread "http-nio-8766-exec-5" daemon [_thread_blocked, id=7440, stack(0x26820000,0x26870000)]
=>0x23207c00 JavaThread "http-nio-8766-exec-4" daemon [_thread_in_vm, id=16880, stack(0x26790000,0x267e0000)]
  0x23202400 JavaThread "http-nio-8766-exec-3" daemon [_thread_blocked, id=2376, stack(0x26700000,0x26750000)]
  0x23209800 JavaThread "http-nio-8766-exec-2" daemon [_thread_blocked, id=21500, stack(0x26670000,0x266c0000)]
  0x23640400 JavaThread "http-nio-8766-exec-1" daemon [_thread_blocked, id=8760, stack(0x265e0000,0x26630000)]
  0x23640000 JavaThread "NioBlockingSelector.BlockPoller-1" daemon [_thread_in_native, id=12768, stack(0x26550000,0x265a0000)]
  0x2363f800 JavaThread "scheduling-1" [_thread_blocked, id=22284, stack(0x264c0000,0x26510000)]
  0x1debb800 JavaThread "quartzScheduler_QuartzSchedulerThread" [_thread_blocked, id=25136, stack(0x25060000,0x250b0000)]
  0x1deb7800 JavaThread "quartzScheduler_Worker-10" [_thread_blocked, id=13316, stack(0x24fd0000,0x25020000)]
  0x206c8000 JavaThread "quartzScheduler_Worker-9" [_thread_blocked, id=6672, stack(0x24f40000,0x24f90000)]
  0x206ca800 JavaThread "quartzScheduler_Worker-8" [_thread_blocked, id=23456, stack(0x24eb0000,0x24f00000)]
  0x206c7000 JavaThread "quartzScheduler_Worker-7" [_thread_blocked, id=13056, stack(0x24e20000,0x24e70000)]
  0x206c6800 JavaThread "quartzScheduler_Worker-6" [_thread_blocked, id=8648, stack(0x24d90000,0x24de0000)]
  0x206c6000 JavaThread "quartzScheduler_Worker-5" [_thread_blocked, id=11384, stack(0x24d00000,0x24d50000)]
  0x206c5400 JavaThread "quartzScheduler_Worker-4" [_thread_blocked, id=17828, stack(0x24c70000,0x24cc0000)]
  0x206c3400 JavaThread "quartzScheduler_Worker-3" [_thread_blocked, id=22560, stack(0x24be0000,0x24c30000)]
  0x1e546000 JavaThread "quartzScheduler_Worker-2" [_thread_blocked, id=2292, stack(0x1fbb0000,0x1fc00000)]
  0x1e543800 JavaThread "quartzScheduler_Worker-1" [_thread_blocked, id=19624, stack(0x012b0000,0x01300000)]
  0x206cac00 JavaThread "commons-pool-evictor-thread" [_thread_blocked, id=16852, stack(0x00ec0000,0x00f10000)]
  0x1e53f400 JavaThread "container-0" [_thread_blocked, id=3592, stack(0x1fa20000,0x1fa70000)]
  0x1e53f000 JavaThread "Catalina-utility-1" [_thread_blocked, id=13684, stack(0x1f990000,0x1f9e0000)]
  0x1e544000 JavaThread "RxIoScheduler-1 (Evictor)" daemon [_thread_blocked, id=9980, stack(0x1f900000,0x1f950000)]
  0x1e542c00 JavaThread "spring.cloud.inetutils" daemon [_thread_blocked, id=7308, stack(0x1f870000,0x1f8c0000)]
  0x1deb6c00 JavaThread "Druid-ConnectionPool-Destroy-1746782" daemon [_thread_blocked, id=18076, stack(0x1f6e0000,0x1f730000)]
  0x1debc400 JavaThread "Druid-ConnectionPool-Create-1746782" daemon [_thread_blocked, id=24240, stack(0x1f650000,0x1f6a0000)]
  0x1deb5800 JavaThread "Abandoned connection cleanup thread" daemon [_thread_blocked, id=17832, stack(0x1f5c0000,0x1f610000)]
  0x1deba400 JavaThread "AsyncReporter{org.springframework.cloud.sleuth.zipkin2.sender.RestTemplateSender@1a5cfb8}" daemon [_thread_blocked, id=19396, stack(0x1f430000,0x1f480000)]
  0x1debbc00 JavaThread "SimplePauseDetectorThread_0" daemon [_thread_blocked, id=24392, stack(0x1f3a0000,0x1f3f0000)]
  0x1deb9800 JavaThread "Thread-21" daemon [_thread_blocked, id=12844, stack(0x1f310000,0x1f360000)]
  0x192d7000 JavaThread "com.alibaba.nacos.client.Worker.fixed-127.0.0.1_8848" daemon [_thread_blocked, id=23692, stack(0x1a4f0000,0x1a540000)]
  0x192d6800 JavaThread "Timer-0" daemon [_thread_blocked, id=23312, stack(0x1a1e0000,0x1a230000)]
  0x192da800 JavaThread "RMI TCP Accept-0" daemon [_thread_in_native, id=13768, stack(0x19fc0000,0x1a010000)]
  0x17def800 JavaThread "Service Thread" daemon [_thread_blocked, id=12152, stack(0x18e60000,0x18eb0000)]
  0x180b3400 JavaThread "C1 CompilerThread0" daemon [_thread_blocked, id=22932, stack(0x18dd0000,0x18e20000)]
  0x17def000 JavaThread "rebel-change-detector-thread" daemon [_thread_blocked, id=18632, stack(0x18d40000,0x18d90000)]
  0x17deec00 JavaThread "rebel-debugger-thread" daemon [_thread_blocked, id=24176, stack(0x18cb0000,0x18d00000)]
  0x17dee400 JavaThread "rebel-debugger-attach-notifier" daemon [_thread_blocked, id=16728, stack(0x18c20000,0x18c70000)]
  0x17df1000 JavaThread "rebel-IDENotificationsImpl-PostCycle" daemon [_thread_blocked, id=12540, stack(0x18b90000,0x18be0000)]
  0x17dedc00 JavaThread "rebel-heartbeat-thread" daemon [_thread_blocked, id=20328, stack(0x18a00000,0x18a50000)]
  0x17df0400 JavaThread "rebel-redeploy-thread" daemon [_thread_blocked, id=12764, stack(0x18970000,0x189c0000)]
  0x17ded800 JavaThread "rebel-weak-reaper" daemon [_thread_blocked, id=7460, stack(0x187e0000,0x18830000)]
  0x17c48000 JavaThread "rebel-leaseManager-1" daemon [_thread_blocked, id=22976, stack(0x16ff0000,0x17040000)]
  0x17c00000 JavaThread "rebel-messaging-executor-28" daemon [_thread_blocked, id=16084, stack(0x16db0000,0x16e00000)]
  0x169e7c00 JavaThread "rebel-cache-writer" daemon [_thread_blocked, id=23288, stack(0x16d00000,0x16d50000)]
  0x16a00000 JavaThread "rebel-fsnotify-OutputReader" daemon [_thread_blocked, id=21144, stack(0x16f60000,0x16fb0000)]
  0x169fe800 JavaThread "rebel-fsnotify-OutputReader" daemon [_thread_blocked, id=24344, stack(0x16ed0000,0x16f20000)]
  0x16a00c00 JavaThread "rebel-fsnotify-ShutdownOnTermination" daemon [_thread_in_native, id=7500, stack(0x16e40000,0x16e90000)]
  0x1696a400 JavaThread "rebel-CacheKeepAlive" daemon [_thread_blocked, id=12612, stack(0x16b70000,0x16bc0000)]
  0x16979c00 JavaThread "rebel-logger" daemon [_thread_blocked, id=7068, stack(0x16ae0000,0x16b30000)]
  0x1591e800 JavaThread "JDWP Command Reader" daemon [_thread_in_native, id=24996, stack(0x15e50000,0x15ea0000)]
  0x1591b800 JavaThread "JDWP Event Helper Thread" daemon [_thread_blocked, id=15736, stack(0x15dc0000,0x15e10000)]
  0x1590ec00 JavaThread "JDWP Transport Listener: dt_socket" daemon [_thread_blocked, id=13676, stack(0x15d30000,0x15d80000)]
  0x15903800 JavaThread "Attach Listener" daemon [_thread_blocked, id=20724, stack(0x15ca0000,0x15cf0000)]
  0x15901800 JavaThread "Signal Dispatcher" daemon [_thread_blocked, id=6808, stack(0x15c10000,0x15c60000)]
  0x15894800 JavaThread "Finalizer" daemon [_thread_blocked, id=18280, stack(0x15b80000,0x15bd0000)]
  0x15893400 JavaThread "Reference Handler" daemon [_thread_blocked, id=9540, stack(0x15af0000,0x15b40000)]

Other Threads:
  0x15880800 VMThread [stack: 0x15a60000,0x15ab0000] [id=16748]
  0x193ba000 WatcherThread [stack: 0x1a150000,0x1a1a0000] [id=16320]

VM state:not at safepoint (normal execution)

VM Mutex/Monitor currently owned by a thread: None

Heap:
 def new generation   total 78656K, used 78601K [0x05400000, 0x0a950000, 0x0a950000)
  eden space 69952K, 100% used [0x05400000, 0x09850000, 0x09850000)
  from space 8704K,  99% used [0x0a0d0000, 0x0a942688, 0x0a950000)
  to   space 8704K,   0% used [0x09850000, 0x09850000, 0x0a0d0000)
 tenured generation   total 174784K, used 174783K [0x0a950000, 0x15400000, 0x15400000)
   the space 174784K,  99% used [0x0a950000, 0x153fff98, 0x15400000, 0x15400000)
 Metaspace       used 105317K, capacity 108735K, committed 110208K, reserved 110976K

Card table byte_map: [0x05310000,0x053a0000] byte_map_base: 0x052e6000

Polling page: 0x01310000

CodeCache: size=32768Kb used=3526Kb max_used=11339Kb free=29241Kb
 bounds [0x03310000, 0x03e28000, 0x05310000]
 total_blobs=1961 nmethods=1726 adapters=173
 compilation: enabled

Compilation events (10 events):
Event: 1112.122 Thread 0x180b3400 25230             com.netflix.stats.distribution.DataBuffer::getPercentiles (30 bytes)
Event: 1112.122 Thread 0x180b3400 nmethod 25230 0x03688048 code [0x03688150, 0x0368824c]
Event: 1112.209 Thread 0x180b3400 25231             java.util.HashMap$Node::getKey (5 bytes)
Event: 1112.209 Thread 0x180b3400 nmethod 25231 0x034f4b88 code [0x034f4c80, 0x034f4d00]
Event: 1112.210 Thread 0x180b3400 25232             java.util.ArrayList$SubList$1::_jr$ig$cursor (8 bytes)
Event: 1112.210 Thread 0x180b3400 nmethod 25232 0x035e2f08 code [0x035e3000, 0x035e30a0]
Event: 1112.667 Thread 0x180b3400 25233             java.nio.charset.CoderResult::_jr$ig$type (8 bytes)
Event: 1112.667 Thread 0x180b3400 nmethod 25233 0x0351ca08 code [0x0351cb00, 0x0351cba0]
Event: 1112.668 Thread 0x180b3400 25234   !         java.io.BufferedWriter::write (130 bytes)
Event: 1112.669 Thread 0x180b3400 nmethod 25234 0x03855e48 code [0x03855f90, 0x03856314]

GC Heap History (10 events):
Event: 1108.356 GC heap before
{Heap before GC invocations=684 (full 523):
 def new generation   total 78656K, used 78652K [0x05400000, 0x0a950000, 0x0a950000)
  eden space 69952K, 100% used [0x05400000, 0x09850000, 0x09850000)
  from space 8704K,  99% used [0x0a0d0000, 0x0a94f1c8, 0x0a950000)
  to   space 8704K,   0% used [0x09850000, 0x09850000, 0x0a0d0000)
 tenured generation   total 174784K, used 174783K [0x0a950000, 0x15400000, 0x15400000)
   the space 174784K,  99% used [0x0a950000, 0x153ffff0, 0x15400000, 0x15400000)
 Metaspace       used 105308K, capacity 108737K, committed 110208K, reserved 110976K
Event: 1109.003 GC heap after
Heap after GC invocations=685 (full 524):
 def new generation   total 78656K, used 78431K [0x05400000, 0x0a950000, 0x0a950000)
  eden space 69952K,  99% used [0x05400000, 0x0984a230, 0x09850000)
  from space 8704K,  97% used [0x0a0d0000, 0x0a91dd28, 0x0a950000)
  to   space 8704K,   0% used [0x09850000, 0x09850000, 0x0a0d0000)
 tenured generation   total 174784K, used 174783K [0x0a950000, 0x15400000, 0x15400000)
   the space 174784K,  99% used [0x0a950000, 0x153fff98, 0x15400000, 0x15400000)
 Metaspace       used 105308K, capacity 108737K, committed 110208K, reserved 110976K
}
Event: 1109.005 GC heap before
{Heap before GC invocations=685 (full 524):
 def new generation   total 78656K, used 78646K [0x05400000, 0x0a950000, 0x0a950000)
  eden space 69952K, 100% used [0x05400000, 0x09850000, 0x09850000)
  from space 8704K,  99% used [0x0a0d0000, 0x0a94d930, 0x0a950000)
  to   space 8704K,   0% used [0x09850000, 0x09850000, 0x0a0d0000)
 tenured generation   total 174784K, used 174783K [0x0a950000, 0x15400000, 0x15400000)
   the space 174784K,  99% used [0x0a950000, 0x153fff98, 0x15400000, 0x15400000)
 Metaspace       used 105308K, capacity 108737K, committed 110208K, reserved 110976K
Event: 1109.626 GC heap after
Heap after GC invocations=686 (full 525):
 def new generation   total 78656K, used 78465K [0x05400000, 0x0a950000, 0x0a950000)
  eden space 69952K,  99% used [0x05400000, 0x0984a428, 0x09850000)
  from space 8704K,  98% used [0x0a0d0000, 0x0a9261a8, 0x0a950000)
  to   space 8704K,   0% used [0x09850000, 0x09850000, 0x0a0d0000)
 tenured generation   total 174784K, used 174783K [0x0a950000, 0x15400000, 0x15400000)
   the space 174784K,  99% used [0x0a950000, 0x153fff98, 0x15400000, 0x15400000)
 Metaspace       used 105308K, capacity 108737K, committed 110208K, reserved 110976K
}
Event: 1109.633 GC heap before
{Heap before GC invocations=686 (full 525):
 def new generation   total 78656K, used 78645K [0x05400000, 0x0a950000, 0x0a950000)
  eden space 69952K, 100% used [0x05400000, 0x09850000, 0x09850000)
  from space 8704K,  99% used [0x0a0d0000, 0x0a94d760, 0x0a950000)
  to   space 8704K,   0% used [0x09850000, 0x09850000, 0x0a0d0000)
 tenured generation   total 174784K, used 174783K [0x0a950000, 0x15400000, 0x15400000)
   the space 174784K,  99% used [0x0a950000, 0x153fff98, 0x15400000, 0x15400000)
 Metaspace       used 105316K, capacity 108737K, committed 110208K, reserved 110976K
Event: 1110.207 GC heap after
Heap after GC invocations=687 (full 526):
 def new generation   total 78656K, used 78412K [0x05400000, 0x0a950000, 0x0a950000)
  eden space 69952K,  99% used [0x05400000, 0x0984a378, 0x09850000)
  from space 8704K,  97% used [0x0a0d0000, 0x0a919060, 0x0a950000)
  to   space 8704K,   0% used [0x09850000, 0x09850000, 0x0a0d0000)
 tenured generation   total 174784K, used 174783K [0x0a950000, 0x15400000, 0x15400000)
   the space 174784K,  99% used [0x0a950000, 0x153fff98, 0x15400000, 0x15400000)
 Metaspace       used 105316K, capacity 108737K, committed 110208K, reserved 110976K
}
Event: 1110.207 GC heap before
{Heap before GC invocations=687 (full 526):
 def new generation   total 78656K, used 78412K [0x05400000, 0x0a950000, 0x0a950000)
  eden space 69952K,  99% used [0x05400000, 0x0984a378, 0x09850000)
  from space 8704K,  97% used [0x0a0d0000, 0x0a919060, 0x0a950000)
  to   space 8704K,   0% used [0x09850000, 0x09850000, 0x0a0d0000)
 tenured generation   total 174784K, used 174783K [0x0a950000, 0x15400000, 0x15400000)
   the space 174784K,  99% used [0x0a950000, 0x153fff98, 0x15400000, 0x15400000)
 Metaspace       used 105316K, capacity 108737K, committed 110208K, reserved 110976K
Event: 1110.962 GC heap after
Heap after GC invocations=688 (full 527):
 def new generation   total 78656K, used 78389K [0x05400000, 0x0a950000, 0x0a950000)
  eden space 69952K,  99% used [0x05400000, 0x0984a160, 0x09850000)
  from space 8704K,  97% used [0x0a0d0000, 0x0a9134a0, 0x0a950000)
  to   space 8704K,   0% used [0x09850000, 0x09850000, 0x0a0d0000)
 tenured generation   total 174784K, used 174783K [0x0a950000, 0x15400000, 0x15400000)
   the space 174784K,  99% used [0x0a950000, 0x153fff98, 0x15400000, 0x15400000)
 Metaspace       used 105315K, capacity 108735K, committed 110208K, reserved 110976K
}
Event: 1111.127 GC heap before
{Heap before GC invocations=688 (full 527):
 def new generation   total 78656K, used 78655K [0x05400000, 0x0a950000, 0x0a950000)
  eden space 69952K, 100% used [0x05400000, 0x09850000, 0x09850000)
  from space 8704K,  99% used [0x0a0d0000, 0x0a94ffe8, 0x0a950000)
  to   space 8704K,   0% used [0x09850000, 0x09850000, 0x0a0d0000)
 tenured generation   total 174784K, used 174783K [0x0a950000, 0x15400000, 0x15400000)
   the space 174784K,  99% used [0x0a950000, 0x153fff98, 0x15400000, 0x15400000)
 Metaspace       used 105317K, capacity 108735K, committed 110208K, reserved 110976K
Event: 1112.119 GC heap after
Heap after GC invocations=689 (full 528):
 def new generation   total 78656K, used 78424K [0x05400000, 0x0a950000, 0x0a950000)
  eden space 69952K,  99% used [0x05400000, 0x0984ba88, 0x09850000)
  from space 8704K,  97% used [0x0a0d0000, 0x0a91a748, 0x0a950000)
  to   space 8704K,   0% used [0x09850000, 0x09850000, 0x0a0d0000)
 tenured generation   total 174784K, used 174783K [0x0a950000, 0x15400000, 0x15400000)
   the space 174784K,  99% used [0x0a950000, 0x153fff98, 0x15400000, 0x15400000)
 Metaspace       used 105317K, capacity 108735K, committed 110208K, reserved 110976K
}

Deoptimization events (0 events):
No events

Internal exceptions (10 events):
Event: 1099.810 Thread 0x192d6800 Exception <a 'java/io/FileNotFoundException'> (0x0a8c3338) thrown at [C:\re\workspace\8-2-build-windows-i586-cygwin\jdk8u45\3627\hotspot\src\share\vm\prims\jni.cpp, line 709]
Event: 1099.810 Thread 0x192d6800 Exception <a 'java/io/FileNotFoundException'> (0x0a8c54a8) thrown at [C:\re\workspace\8-2-build-windows-i586-cygwin\jdk8u45\3627\hotspot\src\share\vm\prims\jni.cpp, line 709]
Event: 1104.612 Thread 0x23207c00 Exception <a 'java/lang/ArrayIndexOutOfBoundsException'> (0x0a94d978) thrown at [C:\re\workspace\8-2-build-windows-i586-cygwin\jdk8u45\3627\hotspot\src\share\vm\runtime\sharedRuntime.cpp, line 605]
Event: 1105.256 Thread 0x261e1800 Exception <a 'java/net/SocketException': Software caused connection abort: socket write error> (0x0a924f38) thrown at [C:\re\workspace\8-2-build-windows-i586-cygwin\jdk8u45\3627\hotspot\src\share\vm\prims\jni.cpp, line 735]
Event: 1105.816 Thread 0x261e1800 Exception <a 'java/net/SocketException': Software caused connection abort: socket write error> (0x0a82c860) thrown at [C:\re\workspace\8-2-build-windows-i586-cygwin\jdk8u45\3627\hotspot\src\share\vm\prims\jni.cpp, line 735]
Event: 1110.962 Thread 0x23207c00 Exception <a 'java/lang/OutOfMemoryError'> (0x0aa46b00) thrown at [C:\re\workspace\8-2-build-windows-i586-cygwin\jdk8u45\3627\hotspot\src\share\vm\gc_interface/collectedHeap.inline.hpp, line 159]
Event: 1110.979 Thread 0x192d6800 Exception <a 'java/io/FileNotFoundException'> (0x0a92fb08) thrown at [C:\re\workspace\8-2-build-windows-i586-cygwin\jdk8u45\3627\hotspot\src\share\vm\prims\jni.cpp, line 709]
Event: 1110.979 Thread 0x192d6800 Exception <a 'java/io/FileNotFoundException'> (0x0a930010) thrown at [C:\re\workspace\8-2-build-windows-i586-cygwin\jdk8u45\3627\hotspot\src\share\vm\prims\jni.cpp, line 709]
Event: 1112.212 Thread 0x16551000 Exception <a 'java/net/SocketException': Software caused connection abort: socket write error> (0x0a92ed60) thrown at [C:\re\workspace\8-2-build-windows-i586-cygwin\jdk8u45\3627\hotspot\src\share\vm\prims\jni.cpp, line 735]
Event: 1112.214 Thread 0x16551000 Exception <a 'java/net/SocketException': Software caused connection abort: socket write error> (0x0a937d08) thrown at [C:\re\workspace\8-2-build-windows-i586-cygwin\jdk8u45\3627\hotspot\src\share\vm\prims\jni.cpp, line 735]

Events (10 events):
Event: 1111.058 Thread 0x23208c00 DEOPT UNPACKING pc=0x0334c5db sp=0x26e9ec24 mode 1
Event: 1111.126 Executing VM operation: GenCollectForAllocation
Event: 1112.120 Executing VM operation: GenCollectForAllocation done
Event: 1112.123 Thread 0x180b3400 flushing nmethod 0x0350fc08
Event: 1112.123 Thread 0x180b3400 flushing nmethod 0x03527a08
Event: 1112.209 Thread 0x180b3400 flushing nmethod 0x035f7608
Event: 1112.209 Thread 0x180b3400 flushing nmethod 0x03620f48
Event: 1112.209 Thread 0x180b3400 flushing nmethod 0x0365d4c8
Event: 1112.209 Thread 0x180b3400 flushing nmethod 0x03791b88
Event: 1112.649 Thread 0x261de800 Thread exited: 0x261de800


Dynamic libraries:
0x01160000 - 0x01193000 	D:\jdk1.8.0_45\bin\java.exe
0x77a20000 - 0x77bb0000 	C:\Windows\SYSTEM32\ntdll.dll
0x76110000 - 0x761f0000 	C:\Windows\System32\KERNEL32.DLL
0x75f20000 - 0x76104000 	C:\Windows\System32\KERNELBASE.dll
0x70710000 - 0x707ad000 	C:\Windows\SYSTEM32\apphelp.dll
0x772b0000 - 0x77328000 	C:\Windows\System32\ADVAPI32.dll
0x77770000 - 0x7782f000 	C:\Windows\System32\msvcrt.dll
0x77720000 - 0x77764000 	C:\Windows\System32\sechost.dll
0x77500000 - 0x775c0000 	C:\Windows\System32\RPCRT4.dll
0x742e0000 - 0x74300000 	C:\Windows\System32\SspiCli.dll
0x742d0000 - 0x742da000 	C:\Windows\System32\CRYPTBASE.dll
0x775f0000 - 0x77647000 	C:\Windows\System32\bcryptPrimitives.dll
0x74a40000 - 0x74bcd000 	C:\Windows\System32\USER32.dll
0x76a90000 - 0x76aa7000 	C:\Windows\System32\win32u.dll
0x775c0000 - 0x775e2000 	C:\Windows\System32\GDI32.dll
0x76c80000 - 0x76de4000 	C:\Windows\System32\gdi32full.dll
0x74380000 - 0x743fd000 	C:\Windows\System32\msvcp_win.dll
0x76700000 - 0x7681d000 	C:\Windows\System32\ucrtbase.dll
0x70ff0000 - 0x711f4000 	C:\Windows\WinSxS\x86_microsoft.windows.common-controls_6595b64144ccf1df_6.0.17134.950_none_42eadafe44e5fce6\COMCTL32.dll
0x76830000 - 0x76a8c000 	C:\Windows\System32\combase.dll
0x74a10000 - 0x74a36000 	C:\Windows\System32\IMM32.DLL
0x57680000 - 0x5773f000 	D:\jdk1.8.0_45\jre\bin\msvcr100.dll
0x56d50000 - 0x57110000 	D:\jdk1.8.0_45\jre\bin\client\jvm.dll
0x76660000 - 0x76666000 	C:\Windows\System32\PSAPI.DLL
0x6cef0000 - 0x6cef8000 	C:\Windows\SYSTEM32\WSOCK32.dll
0x77650000 - 0x776b7000 	C:\Windows\System32\WS2_32.dll
0x720b0000 - 0x720d4000 	C:\Windows\SYSTEM32\WINMM.dll
0x742c0000 - 0x742c8000 	C:\Windows\SYSTEM32\VERSION.dll
0x71eb0000 - 0x71ed3000 	C:\Windows\SYSTEM32\WINMMBASE.dll
0x761f0000 - 0x76229000 	C:\Windows\System32\cfgmgr32.dll
0x57670000 - 0x5767c000 	D:\jdk1.8.0_45\jre\bin\verify.dll
0x57640000 - 0x57661000 	D:\jdk1.8.0_45\jre\bin\java.dll
0x6e050000 - 0x6e079000 	D:\jdk1.8.0_45\jre\bin\jdwp.dll
0x6e040000 - 0x6e047000 	D:\jdk1.8.0_45\jre\bin\npt.dll
0x56210000 - 0x56243000 	C:\Users\Administrator\.IntelliJIdea2019.2\config\plugins\jr-ide-idea\lib\jrebel6\lib\jrebel32.dll
0x74bd0000 - 0x75f1a000 	C:\Windows\System32\SHELL32.dll
0x76f50000 - 0x76fd8000 	C:\Windows\System32\shcore.dll
0x74450000 - 0x74a0a000 	C:\Windows\System32\windows.storage.dll
0x74400000 - 0x74445000 	C:\Windows\System32\shlwapi.dll
0x77080000 - 0x7708f000 	C:\Windows\System32\kernel.appcore.dll
0x74300000 - 0x74318000 	C:\Windows\System32\profapi.dll
0x76ac0000 - 0x76b05000 	C:\Windows\System32\powrprof.dll
0x76820000 - 0x76828000 	C:\Windows\System32\FLTLIB.DLL
0x6e020000 - 0x6e040000 	D:\jdk1.8.0_45\jre\bin\instrument.dll
0x57620000 - 0x57633000 	D:\jdk1.8.0_45\jre\bin\zip.dll
0x57510000 - 0x57518000 	D:\jdk1.8.0_45\jre\bin\dt_socket.dll
0x72e50000 - 0x72ea6000 	C:\Windows\system32\mswsock.dll
0x57580000 - 0x5758a000 	D:\jdk1.8.0_45\jre\bin\management.dll
0x57600000 - 0x57615000 	D:\jdk1.8.0_45\jre\bin\net.dll
0x575f0000 - 0x575ff000 	D:\jdk1.8.0_45\jre\bin\nio.dll
0x57520000 - 0x57540000 	D:\jdk1.8.0_45\jre\bin\sunec.dll
0x50250000 - 0x50266000 	C:\Users\Administrator\AppData\Local\Temp\jrebel-temp\ver-c62900d7\IdeaWin32.dll
0x6dff0000 - 0x6dff9000 	D:\jdk1.8.0_45\jre\bin\sunmscapi.dll
0x770b0000 - 0x77246000 	C:\Windows\System32\CRYPT32.dll
0x76ab0000 - 0x76abe000 	C:\Windows\System32\MSASN1.dll
0x73710000 - 0x73723000 	C:\Windows\SYSTEM32\CRYPTSP.dll
0x736e0000 - 0x7370f000 	C:\Windows\system32\rsaenh.dll
0x73a80000 - 0x73a99000 	C:\Windows\SYSTEM32\bcrypt.dll
0x74290000 - 0x742b1000 	C:\Windows\SYSTEM32\USERENV.dll
0x74030000 - 0x74060000 	C:\Windows\SYSTEM32\IPHLPAPI.DLL
0x772a0000 - 0x772a7000 	C:\Windows\System32\NSI.dll
0x71dd0000 - 0x71de3000 	C:\Windows\SYSTEM32\dhcpcsvc6.DLL
0x736c0000 - 0x736d4000 	C:\Windows\SYSTEM32\dhcpcsvc.DLL
0x72d70000 - 0x72d81000 	C:\Windows\system32\napinsp.dll
0x72d10000 - 0x72d26000 	C:\Windows\system32\pnrpnsp.dll
0x72cf0000 - 0x72d03000 	C:\Windows\system32\NLAapi.dll
0x72c60000 - 0x72cee000 	C:\Windows\SYSTEM32\DNSAPI.dll
0x72c50000 - 0x72c5c000 	C:\Windows\System32\winrnr.dll
0x72c30000 - 0x72c41000 	C:\Windows\System32\wshbth.dll
0x72d60000 - 0x72d68000 	C:\Windows\System32\rasadhlp.dll
0x729f0000 - 0x72a3f000 	C:\Windows\System32\fwpuclnt.dll
0x732a0000 - 0x73422000 	C:\Windows\SYSTEM32\dbghelp.dll

VM Arguments:
jvm_args: -agentlib:jdwp=transport=dt_socket,address=127.0.0.1:61078,suspend=y,server=n -Drebel.base=C:\Users\Administrator\.jrebel -Drebel.env.ide.plugin.version=2019.1.0 -Drebel.env.ide.version=2019.2 -Drebel.env.ide.product=IU -Drebel.env.ide=intellij -Drebel.notification.url=http://localhost:58037 -agentpath:C:\Users\Administrator\.IntelliJIdea2019.2\config\plugins\jr-ide-idea\lib\jrebel6\lib\jrebel32.dll -XX:TieredStopAtLevel=1 -Xverify:none -Dspring.output.ansi.enabled=always -Dcom.sun.management.jmxremote -Dspring.jmx.enabled=true -Dspring.liveBeansView.mbeanDomain -Dspring.application.admin.enabled=true -javaagent:C:\Users\Administrator\AppData\Local\JetBrains\Toolbox\apps\IDEA-U\ch-0\192.5728.98\plugins\java\lib\rt\debugger-agent.jar -Dfile.encoding=UTF-8 
java_command: com.pwd.pc.PCBootstrap
java_class_path (initial): D:\jdk1.8.0_45\jre\lib\charsets.jar;D:\jdk1.8.0_45\jre\lib\deploy.jar;D:\jdk1.8.0_45\jre\lib\ext\access-bridge-32.jar;D:\jdk1.8.0_45\jre\lib\ext\cldrdata.jar;D:\jdk1.8.0_45\jre\lib\ext\dnsns.jar;D:\jdk1.8.0_45\jre\lib\ext\jaccess.jar;D:\jdk1.8.0_45\jre\lib\ext\jfxrt.jar;D:\jdk1.8.0_45\jre\lib\ext\localedata.jar;D:\jdk1.8.0_45\jre\lib\ext\nashorn.jar;D:\jdk1.8.0_45\jre\lib\ext\sunec.jar;D:\jdk1.8.0_45\jre\lib\ext\sunjce_provider.jar;D:\jdk1.8.0_45\jre\lib\ext\sunmscapi.jar;D:\jdk1.8.0_45\jre\lib\ext\sunpkcs11.jar;D:\jdk1.8.0_45\jre\lib\ext\zipfs.jar;D:\jdk1.8.0_45\jre\lib\javaws.jar;D:\jdk1.8.0_45\jre\lib\jce.jar;D:\jdk1.8.0_45\jre\lib\jfr.jar;D:\jdk1.8.0_45\jre\lib\jfxswt.jar;D:\jdk1.8.0_45\jre\lib\jsse.jar;D:\jdk1.8.0_45\jre\lib\management-agent.jar;D:\jdk1.8.0_45\jre\lib\plugin.jar;D:\jdk1.8.0_45\jre\lib\resources.jar;D:\jdk1.8.0_45\jre\lib\rt.jar;D:\workspace2\ace-security\ace-modules\ace-pc\target\classes;D:\maven\repository\org\hamcrest\hamcrest-core\1.3\hamcrest-core-1.3.jar;D:\workspace2\ace-security\ace-common\target\classes;D:\maven\repository\org\apache\commons\commons-io\1.3.2\commons-io-1.3.2.jar;D:\maven\repository\tk\mybatis\mapper\3.4.0\mapper-3.4.0.jar;D:\maven\repository\javax\persistence\persistence-api\1.0\persistence-api-1.0.jar;D:\maven\repository\org\springframework\spring-beans\5.1.4.RELEASE\spring-beans-5.1.4.RELEASE.jar;D:\maven\repository\com\github\pagehelper\pagehelper\5.0.3\pagehelper-5.0.3.jar;D:\maven\repository\com\github\jsqlparser\jsqlparser\1.0\jsqlparser-1.0.jar;D:\maven\repository\org\springframework\spring-web\5.1.4.RELEASE\spring-web-5.1.4.RELEASE.jar;D:\maven\repository\io\jsonwebtoken\jjwt\0.7.0\jjwt-0.7.0.jar;D:\maven\repository\com\fasterxml\jackson\core\jackson-databind\2.9.8\jackson-databind-2.9.8.jar;D:\maven\repository\joda-time\joda-time\2.10.1\joda-time-2.10.1.jar;D:\maven\repository\org\apache\poi\poi\4.0.1\poi-4.0.1.jar;D:\maven\repository\commons-codec\commons-codec\1.11\commons-codec-1
Launcher Type: SUN_STANDARD

Environment Variables:
JAVA_HOME=D:\jdk1.8.0_45
PATH=C:\Users\Administrator\AppData\Local\JetBrains\Toolbox\apps\IDEA-U\ch-0\192.5728.98\jbr\\bin;C:\Users\Administrator\AppData\Local\JetBrains\Toolbox\apps\IDEA-U\ch-0\192.5728.98\jbr\\bin\server;C:\Program Files (x86)\Common Files\Oracle\Java\javapath;C:\ProgramData\Oracle\Java\javapath;C:\Windows\system32;C:\Windows;C:\Windows\System32\Wbem;C:\Windows\System32\WindowsPowerShell\v1.0\;C:\Windows\System32\OpenSSH\;D:\Git\cmd;D:\mysql-8.0.15-winx64\bin;D:\jdk1.8.0_45\bin;D:\TortoiseSVN\bin;C:\Program Files\nodejs;C:\Users\Administrator\AppData\Local\Microsoft\WindowsApps;C:\Users\Administrator\AppData\Roaming\npm
USERNAME=Administrator
OS=Windows_NT
PROCESSOR_IDENTIFIER=Intel64 Family 6 Model 142 Stepping 9, GenuineIntel



---------------  S Y S T E M  ---------------

OS: Windows 10.0 , 64 bit Build 17134 (10.0.17134.753)

CPU:total 4 (2 cores per cpu, 2 threads per core) family 6 model 142 stepping 9, cmov, cx8, fxsr, mmx, sse, sse2, sse3, ssse3, sse4.1, sse4.2, popcnt, avx, avx2, aes, clmul, erms, 3dnowpref, lzcnt, ht, tsc, tscinvbit, bmi1, bmi2, adx

Memory: 4k page, physical 8302504k(1264472k free), swap 17215400k(5067628k free)

vm_info: Java HotSpot(TM) Client VM (25.45-b02) for windows-x86 JRE (1.8.0_45-b15), built on Apr 30 2015 12:31:00 by "java_re" with MS VC++ 10.0 (VS2010)

time: Mon Sep 02 14:46:27 2019
elapsed time: 1113 seconds (0d 0h 18m 33s)

