#
# A fatal error has been detected by the Java Runtime Environment:
#
#  EXCEPTION_ACCESS_VIOLATION (0xc0000005) at pc=0x625f46ae, pid=27412, tid=6688
#
# JRE version: Java(TM) SE Runtime Environment (8.0_45-b15) (build 1.8.0_45-b15)
# Java VM: Java HotSpot(TM) Client VM (25.45-b02 mixed mode windows-x86 )
# Problematic frame:
# V  [jvm.dll+0xe46ae]
#
# Failed to write core dump. Minidumps are not enabled by default on client versions of Windows
#
# If you would like to submit a bug report, please visit:
#   http://bugreport.java.com/bugreport/crash.jsp
#

---------------  T H R E A D  ---------------

Current thread (0x27503800):  JavaThread "sentinel-command-center-service-executor-thread-2" [_thread_in_vm, id=6688, stack(0x28a80000,0x28ad0000)]

siginfo: ExceptionCode=0xc0000005, reading address 0x00000000

Registers:
EAX=0x00000000, EBX=0x27281f6c, ECX=0x00000000, EDX=0x196578fc
ESP=0x28ace600, EBP=0x28ace61c, ESI=0x00000000, EDI=0x27503800
EIP=0x625f46ae, EFLAGS=0x00010246

Top of Stack: (sp=0x28ace600)
0x28ace600:   276f4bc0 00000000 27281f6c 27503800
0x28ace610:   00000000 27281f6c 0a440008 27503940
0x28ace620:   6314386d 27503940 00000000 00000000
0x28ace630:   00000245 2503e468 02b2c3a8 28ace718
0x28ace640:   00000000 631437f3 02b2c3a8 27503940
0x28ace650:   00000000 00000000 00000000 27281f6c
0x28ace660:   00000000 00000245 2503e468 28ace714
0x28ace670:   28ace718 00000000 28ace744 28ace71c 

Instructions: (pc=0x625f46ae)
0x625f468e:   c4 08 83 7f 04 00 89 7d f0 c7 45 f4 00 00 00 00
0x625f469e:   74 08 8d 4d f0 e8 c8 e1 0b 00 8b 75 10 8b 45 0c
0x625f46ae:   8b 10 85 f6 78 32 8b 45 14 85 c0 78 2b 8d 0c 06
0x625f46be:   3b 4a 08 77 23 85 c0 7e 3b 8b 4a 04 8b 49 04 83 


Register to memory mapping:

EAX=0x00000000 is an unknown value
EBX=0x27281f6c is an unknown value
ECX=0x00000000 is an unknown value
EDX=0x196578fc is an unknown value
ESP=0x28ace600 is pointing into the stack for thread: 0x27503800
EBP=0x28ace61c is pointing into the stack for thread: 0x27503800
ESI=0x00000000 is an unknown value
EDI=0x27503800 is a thread


Stack: [0x28a80000,0x28ad0000],  sp=0x28ace600,  free space=313k
Native frames: (J=compiled Java code, j=interpreted, Vv=VM code, C=native code)
V  [jvm.dll+0xe46ae]
C  [jrebel32.dll+0x386d]

Java frames: (J=compiled Java code, j=interpreted, Vv=VM code)
j  sun.nio.cs.StreamDecoder.forInputStreamReader(Ljava/io/InputStream;Ljava/lang/Object;Ljava/lang/String;)Lsun/nio/cs/StreamDecoder;+30
j  java.io.InputStreamReader.<init>(Ljava/io/InputStream;Ljava/lang/String;)V+29
j  com.alibaba.csp.sentinel.transport.command.http.HttpEventTask.run()V+38
J 17705 C1 java.util.concurrent.Executors$RunnableAdapter.call()Ljava/lang/Object; (14 bytes) @ 0x02fc5900 [0x02fc58d0+0x30]
j  java.util.concurrent.FutureTask.run()V+46
J 21709 C1 java.util.concurrent.ThreadPoolExecutor.runWorker(Ljava/util/concurrent/ThreadPoolExecutor$Worker;)V (261 bytes) @ 0x0378fe90 [0x0378fc80+0x210]
j  java.util.concurrent.ThreadPoolExecutor$Worker.run()V+5
j  java.lang.Thread.run()V+15
v  ~StubRoutines::call_stub

---------------  P R O C E S S  ---------------

Java Threads: ( => current thread )
  0x2750d400 JavaThread "Thread-2" [_thread_blocked, id=7932, stack(0x29810000,0x29860000)]
  0x2750e800 JavaThread "Thread-35" [_thread_blocked, id=20672, stack(0x295d0000,0x29620000)]
  0x2750c800 JavaThread "Thread-8" [_thread_blocked, id=12076, stack(0x29540000,0x29590000)]
  0x2750b400 JavaThread "Thread-9" [_thread_blocked, id=15760, stack(0x29420000,0x29470000)]
  0x2750b000 JavaThread "rebel-CacheCleanup" [_thread_blocked, id=12736, stack(0x29390000,0x293e0000)]
  0x2750a800 JavaThread "SIGINT handler" daemon [_thread_blocked, id=22884, stack(0x29270000,0x292c0000)]
  0x27509c00 JavaThread "sentinel-system-status-record-task-thread-2" daemon [_thread_blocked, id=20624, stack(0x291e0000,0x29230000)]
  0x27509400 JavaThread "com.alibaba.nacos.client.Worker.longPullingfixed-127.0.0.1_8848" daemon [_thread_blocked, id=19088, stack(0x29150000,0x291a0000)]
  0x27509000 JavaThread "com.alibaba.nacos.client.Worker.longPullingfixed-127.0.0.1_8848" daemon [_thread_blocked, id=12600, stack(0x290c0000,0x29110000)]
  0x27507800 JavaThread "com.alibaba.nacos.client.Worker.fixed-127.0.0.1_8848" daemon [_thread_blocked, id=13008, stack(0x29030000,0x29080000)]
  0x27507000 JavaThread "com.alibaba.nacos.client.Worker.fixed-127.0.0.1_8848" daemon [_thread_blocked, id=8108, stack(0x28c10000,0x28c60000)]
  0x27503c00 JavaThread "sentinel-command-center-service-executor-thread-4" [_thread_blocked, id=20172, stack(0x28ca0000,0x28cf0000)]
  0x27504c00 JavaThread "sentinel-command-center-service-executor-thread-3" [_thread_blocked, id=19844, stack(0x26c20000,0x26c70000)]
=>0x27503800 JavaThread "sentinel-command-center-service-executor-thread-2" [_thread_in_vm, id=6688, stack(0x28a80000,0x28ad0000)]
  0x27508800 JavaThread "sentinel-command-center-service-executor-thread-1" [_thread_blocked, id=12012, stack(0x289f0000,0x28a40000)]
  0x27505000 JavaThread "sentinel-heartbeat-send-task-thread-2" daemon [_thread_blocked, id=4812, stack(0x28490000,0x284e0000)]
  0x22fa6000 JavaThread "sentinel-command-center-executor-thread-1" [_thread_blocked, id=3688, stack(0x28760000,0x287b0000)]
  0x22fa5000 JavaThread "sentinel-metrics-record-task-thread-1" daemon [_thread_blocked, id=20664, stack(0x286d0000,0x28720000)]
  0x22fa5800 JavaThread "sentinel-system-status-record-task-thread-1" daemon [_thread_blocked, id=25328, stack(0x28640000,0x28690000)]
  0x22fa8c00 JavaThread "sentinel-time-tick-thread" daemon [_thread_blocked, id=17448, stack(0x285b0000,0x28600000)]
  0x22fa9c00 JavaThread "sentinel-heartbeat-send-task-thread-1" daemon [_thread_blocked, id=11232, stack(0x28520000,0x28570000)]
  0x22fa3800 JavaThread "com.alibaba.nacos.client.Worker.longPullingfixed-127.0.0.1_8848" daemon [_thread_blocked, id=9748, stack(0x28300000,0x28350000)]
  0x22fa4000 JavaThread "com.alibaba.nacos.client.Worker.fixed-127.0.0.1_8848" daemon [_thread_blocked, id=20096, stack(0x281e0000,0x28230000)]
  0x22fa9000 JavaThread "RibbonApacheHttpClientConfiguration.connectionManagerTimer" daemon [_thread_blocked, id=10288, stack(0x28270000,0x282c0000)]
  0x22c0b000 JavaThread "DestroyJavaVM" [_thread_blocked, id=15764, stack(0x02650000,0x026a0000)]
  0x22c0a800 JavaThread "Okio Watchdog" daemon [_thread_blocked, id=7356, stack(0x26ff0000,0x27040000)]
  0x1ffc2400 JavaThread "DataPublisher" daemon [_thread_blocked, id=14872, stack(0x26d40000,0x26d90000)]
  0x1ffc8c00 JavaThread "com.alibaba.nacos.client.naming.updater" daemon [_thread_blocked, id=23748, stack(0x26cb0000,0x26d00000)]
  0x1ffc9000 JavaThread "RibbonApacheHttpClientConfiguration.connectionManagerTimer" daemon [_thread_blocked, id=12748, stack(0x26a90000,0x26ae0000)]
  0x1ffc8400 JavaThread "com.alibaba.nacos.naming.push.receiver" daemon [_thread_in_native, id=9096, stack(0x26870000,0x268c0000)]
  0x1ffc7000 JavaThread "com.alibaba.nacos.naming.failover" daemon [_thread_blocked, id=19800, stack(0x267e0000,0x26830000)]
  0x1ffc4000 JavaThread "com.alibaba.nacos.naming.beat.sender" daemon [_thread_blocked, id=9980, stack(0x26750000,0x267a0000)]
  0x1ffc6400 JavaThread "com.alibaba.nacos.client.naming.serverlist.updater" daemon [_thread_blocked, id=11532, stack(0x266c0000,0x26710000)]
  0x1ffc3400 JavaThread "com.alibaba.nacos.naming.client.listener" daemon [_thread_blocked, id=9972, stack(0x26630000,0x26680000)]
  0x1ffc6000 JavaThread "http-nio-8766-Acceptor-0" daemon [_thread_in_native, id=4928, stack(0x265a0000,0x265f0000)]
  0x1ffc7c00 JavaThread "http-nio-8766-ClientPoller-1" daemon [_thread_blocked, id=13244, stack(0x26510000,0x26560000)]
  0x1ffc5800 JavaThread "http-nio-8766-ClientPoller-0" daemon [_thread_blocked, id=8772, stack(0x26480000,0x264d0000)]
  0x1dff0000 JavaThread "http-nio-8766-exec-10" daemon [_thread_blocked, id=22308, stack(0x263f0000,0x26440000)]
  0x22c09c00 JavaThread "http-nio-8766-exec-9" daemon [_thread_blocked, id=21924, stack(0x26360000,0x263b0000)]
  0x22c09400 JavaThread "http-nio-8766-exec-8" daemon [_thread_blocked, id=18760, stack(0x262d0000,0x26320000)]
  0x22c09000 JavaThread "http-nio-8766-exec-7" daemon [_thread_blocked, id=14052, stack(0x26240000,0x26290000)]
  0x22c10800 JavaThread "http-nio-8766-exec-6" daemon [_thread_blocked, id=18832, stack(0x261b0000,0x26200000)]
  0x22c0f400 JavaThread "http-nio-8766-exec-5" daemon [_thread_blocked, id=13072, stack(0x26120000,0x26170000)]
  0x22c0e800 JavaThread "http-nio-8766-exec-4" daemon [_thread_blocked, id=9848, stack(0x26090000,0x260e0000)]
  0x22c0dc00 JavaThread "http-nio-8766-exec-3" daemon [_thread_blocked, id=15808, stack(0x26000000,0x26050000)]
  0x22c0fc00 JavaThread "http-nio-8766-exec-2" daemon [_thread_blocked, id=21748, stack(0x25f70000,0x25fc0000)]
  0x22c0c800 JavaThread "http-nio-8766-exec-1" daemon [_thread_blocked, id=26296, stack(0x25ee0000,0x25f30000)]
  0x22c0c000 JavaThread "NioBlockingSelector.BlockPoller-1" daemon [_thread_blocked, id=22912, stack(0x25e50000,0x25ea0000)]
  0x2439b800 JavaThread "scheduling-1" [_thread_blocked, id=3212, stack(0x25dc0000,0x25e10000)]
  0x243a0800 JavaThread "quartzScheduler_QuartzSchedulerThread" [_thread_blocked, id=14896, stack(0x25930000,0x25980000)]
  0x1caf9000 JavaThread "quartzScheduler_Worker-10" [_thread_blocked, id=18652, stack(0x257a0000,0x257f0000)]
  0x18db0c00 JavaThread "quartzScheduler_Worker-9" [_thread_blocked, id=4948, stack(0x25710000,0x25760000)]
  0x18db4c00 JavaThread "quartzScheduler_Worker-8" [_thread_blocked, id=16736, stack(0x25680000,0x256d0000)]
  0x1dfec800 JavaThread "quartzScheduler_Worker-7" [_thread_blocked, id=23220, stack(0x255f0000,0x25640000)]
  0x1dfef400 JavaThread "quartzScheduler_Worker-6" [_thread_blocked, id=10140, stack(0x25560000,0x255b0000)]
  0x1dff2400 JavaThread "quartzScheduler_Worker-5" [_thread_blocked, id=14128, stack(0x254d0000,0x25520000)]
  0x1fe0e000 JavaThread "quartzScheduler_Worker-4" [_thread_blocked, id=5760, stack(0x25440000,0x25490000)]
  0x1fe0cc00 JavaThread "quartzScheduler_Worker-3" [_thread_blocked, id=22592, stack(0x167b0000,0x16800000)]
  0x1fe0c800 JavaThread "quartzScheduler_Worker-2" [_thread_blocked, id=6292, stack(0x00c70000,0x00cc0000)]
  0x1fe14000 JavaThread "quartzScheduler_Worker-1" [_thread_blocked, id=17964, stack(0x00c20000,0x00c70000)]
  0x1fe0f400 JavaThread "commons-pool-evictor-thread" [_thread_blocked, id=10712, stack(0x23ee0000,0x23f30000)]
  0x1dfee000 JavaThread "container-0" [_thread_blocked, id=23008, stack(0x1f390000,0x1f3e0000)]
  0x1dff0400 JavaThread "Catalina-utility-1" [_thread_blocked, id=25708, stack(0x1f300000,0x1f350000)]
  0x1dfed400 JavaThread "RxIoScheduler-1 (Evictor)" daemon [_thread_blocked, id=14448, stack(0x1f270000,0x1f2c0000)]
  0x1dff0c00 JavaThread "spring.cloud.inetutils" daemon [_thread_blocked, id=24328, stack(0x1f1e0000,0x1f230000)]
  0x1dfed800 JavaThread "Druid-ConnectionPool-Destroy-8191157" daemon [_thread_blocked, id=11324, stack(0x1f050000,0x1f0a0000)]
  0x1dff1400 JavaThread "Druid-ConnectionPool-Create-8191157" daemon [_thread_blocked, id=2136, stack(0x1efc0000,0x1f010000)]
  0x1caf7c00 JavaThread "Abandoned connection cleanup thread" daemon [_thread_blocked, id=19404, stack(0x1ef30000,0x1ef80000)]
  0x1cafe800 JavaThread "AsyncReporter{org.springframework.cloud.sleuth.zipkin2.sender.RestTemplateSender@e1bfe1}" daemon [_thread_blocked, id=20892, stack(0x1eda0000,0x1edf0000)]
  0x1cafc800 JavaThread "SimplePauseDetectorThread_0" daemon [_thread_blocked, id=27372, stack(0x1bd70000,0x1bdc0000)]
  0x1cafbc00 JavaThread "Thread-21" daemon [_thread_in_Java, id=7176, stack(0x1bbe0000,0x1bc30000)]
  0x18db2400 JavaThread "com.alibaba.nacos.client.Worker.fixed-127.0.0.1_8848" daemon [_thread_blocked, id=21796, stack(0x1b450000,0x1b4a0000)]
  0x18db1400 JavaThread "Timer-0" daemon [_thread_blocked, id=24084, stack(0x19d90000,0x19de0000)]
  0x18dae000 JavaThread "RMI TCP Accept-0" daemon [_thread_in_native, id=12804, stack(0x19b70000,0x19bc0000)]
  0x1782b400 JavaThread "rebel-IDENotificationsImpl-PostCycle" daemon [_thread_blocked, id=1268, stack(0x198e0000,0x19930000)]
  0x1782a800 JavaThread "Service Thread" daemon [_thread_blocked, id=22640, stack(0x18880000,0x188d0000)]
  0x17a7b400 JavaThread "C1 CompilerThread0" daemon [_thread_blocked, id=11960, stack(0x187f0000,0x18840000)]
  0x1782c000 JavaThread "rebel-change-detector-thread" daemon [_thread_blocked, id=8460, stack(0x18660000,0x186b0000)]
  0x1782d400 JavaThread "rebel-debugger-thread" daemon [_thread_blocked, id=27012, stack(0x185d0000,0x18620000)]
  0x1782cc00 JavaThread "rebel-debugger-attach-notifier" daemon [_thread_blocked, id=15388, stack(0x18540000,0x18590000)]
  0x1782a000 JavaThread "rebel-heartbeat-thread" daemon [_thread_blocked, id=7740, stack(0x184b0000,0x18500000)]
  0x1782b800 JavaThread "rebel-redeploy-thread" daemon [_thread_blocked, id=12456, stack(0x18420000,0x18470000)]
  0x1782d800 JavaThread "rebel-weak-reaper" daemon [_thread_blocked, id=15712, stack(0x18290000,0x182e0000)]
  0x17681000 JavaThread "rebel-leaseManager-1" daemon [_thread_blocked, id=26432, stack(0x18070000,0x180c0000)]
  0x174a7800 JavaThread "rebel-messaging-executor-28" daemon [_thread_blocked, id=11516, stack(0x16a10000,0x16a60000)]
  0x15dc1800 JavaThread "rebel-cache-writer" daemon [_thread_blocked, id=2656, stack(0x16720000,0x16770000)]
  0x16429c00 JavaThread "rebel-fsnotify-OutputReader" daemon [_thread_blocked, id=19340, stack(0x168f0000,0x16940000)]
  0x16429000 JavaThread "rebel-fsnotify-ShutdownOnTermination" daemon [_thread_in_native, id=25324, stack(0x16860000,0x168b0000)]
  0x163ab800 JavaThread "rebel-CacheKeepAlive" daemon [_thread_blocked, id=8928, stack(0x16590000,0x165e0000)]
  0x16391800 JavaThread "rebel-logger" daemon [_thread_blocked, id=8324, stack(0x16500000,0x16550000)]
  0x1537e800 JavaThread "JDWP Command Reader" daemon [_thread_in_native, id=14500, stack(0x15870000,0x158c0000)]
  0x1537b800 JavaThread "JDWP Event Helper Thread" daemon [_thread_blocked, id=24300, stack(0x157e0000,0x15830000)]
  0x1536ec00 JavaThread "JDWP Transport Listener: dt_socket" daemon [_thread_blocked, id=684, stack(0x15750000,0x157a0000)]
  0x15363800 JavaThread "Attach Listener" daemon [_thread_blocked, id=25012, stack(0x156c0000,0x15710000)]
  0x15361800 JavaThread "Signal Dispatcher" daemon [_thread_blocked, id=18968, stack(0x15630000,0x15680000)]
  0x152f4800 JavaThread "Finalizer" daemon [_thread_blocked, id=20684, stack(0x155a0000,0x155f0000)]
  0x152f3400 JavaThread "Reference Handler" daemon [_thread_blocked, id=7880, stack(0x15510000,0x15560000)]

Other Threads:
  0x152e0800 VMThread [stack: 0x154c0000,0x15510000] [id=25116]
  0x18e9a800 WatcherThread [stack: 0x19c00000,0x19c50000] [id=22556]

VM state:not at safepoint (normal execution)

VM Mutex/Monitor currently owned by a thread: None

Heap:
 def new generation   total 78656K, used 78638K [0x04e00000, 0x0a350000, 0x0a350000)
  eden space 69952K, 100% used [0x04e00000, 0x09250000, 0x09250000)
  from space 8704K,  99% used [0x09250000, 0x09acb808, 0x09ad0000)
  to   space 8704K,   0% used [0x09ad0000, 0x09ad0000, 0x0a350000)
 tenured generation   total 174784K, used 174784K [0x0a350000, 0x14e00000, 0x14e00000)
   the space 174784K, 100% used [0x0a350000, 0x14e00000, 0x14e00000, 0x14e00000)
 Metaspace       used 108919K, capacity 112622K, committed 113024K, reserved 113024K

Card table byte_map: [0x02c20000,0x02cb0000] byte_map_base: 0x02bf9000

Polling page: 0x00f00000

CodeCache: size=32768Kb used=5783Kb max_used=11481Kb free=26984Kb
 bounds [0x02e00000, 0x03938000, 0x04e00000]
 total_blobs=3524 nmethods=3286 adapters=176
 compilation: enabled

Compilation events (10 events):
Event: 1647.469 Thread 0x17a7b400 23405             java.lang.invoke.LambdaForm$MH/23798810::identity_L (8 bytes)
Event: 1647.988 Thread 0x17a7b400 nmethod 23405 0x03193bc8 code [0x03193cc0, 0x03193d60]
Event: 1734.723 Thread 0x17a7b400 23406             java.util.ComparableTimSort::reverseRange (40 bytes)
Event: 1734.723 Thread 0x17a7b400 nmethod 23406 0x0358e548 code [0x0358e650, 0x0358e800]
Event: 2141.015 Thread 0x17a7b400 23407   !         java.lang.ThreadGroup::remove (118 bytes)
Event: 2141.518 Thread 0x17a7b400 nmethod 23407 0x03090608 code [0x03090730, 0x03090a7c]
Event: 2161.228 Thread 0x17a7b400 23408             java.util.TreeMap::size (9 bytes)
Event: 2161.228 Thread 0x17a7b400 nmethod 23408 0x034d3dc8 code [0x034d3ec0, 0x034d3f40]
Event: 2161.717 Thread 0x17a7b400 23409             java.util.TreeMap::_jr$ig$size (8 bytes)
Event: 2161.717 Thread 0x17a7b400 nmethod 23409 0x0352dc08 code [0x0352dd00, 0x0352dda0]

GC Heap History (10 events):
Event: 2160.119 GC heap before
{Heap before GC invocations=4017 (full 3858):
 def new generation   total 78656K, used 78655K [0x04e00000, 0x0a350000, 0x0a350000)
  eden space 69952K, 100% used [0x04e00000, 0x09250000, 0x09250000)
  from space 8704K,  99% used [0x09250000, 0x09acfff0, 0x09ad0000)
  to   space 8704K,   0% used [0x09ad0000, 0x09ad0000, 0x0a350000)
 tenured generation   total 174784K, used 174784K [0x0a350000, 0x14e00000, 0x14e00000)
   the space 174784K, 100% used [0x0a350000, 0x14e00000, 0x14e00000, 0x14e00000)
 Metaspace       used 108917K, capacity 112617K, committed 113024K, reserved 113024K
Event: 2160.614 GC heap after
Heap after GC invocations=4018 (full 3859):
 def new generation   total 78656K, used 78639K [0x04e00000, 0x0a350000, 0x0a350000)
  eden space 69952K,  99% used [0x04e00000, 0x0924ffc0, 0x09250000)
  from space 8704K,  99% used [0x09250000, 0x09acbd18, 0x09ad0000)
  to   space 8704K,   0% used [0x09ad0000, 0x09ad0000, 0x0a350000)
 tenured generation   total 174784K, used 174784K [0x0a350000, 0x14e00000, 0x14e00000)
   the space 174784K, 100% used [0x0a350000, 0x14e00000, 0x14e00000, 0x14e00000)
 Metaspace       used 108917K, capacity 112617K, committed 113024K, reserved 113024K
}
Event: 2160.615 GC heap before
{Heap before GC invocations=4018 (full 3859):
 def new generation   total 78656K, used 78655K [0x04e00000, 0x0a350000, 0x0a350000)
  eden space 69952K, 100% used [0x04e00000, 0x09250000, 0x09250000)
  from space 8704K,  99% used [0x09250000, 0x09acfff8, 0x09ad0000)
  to   space 8704K,   0% used [0x09ad0000, 0x09ad0000, 0x0a350000)
 tenured generation   total 174784K, used 174784K [0x0a350000, 0x14e00000, 0x14e00000)
   the space 174784K, 100% used [0x0a350000, 0x14e00000, 0x14e00000, 0x14e00000)
 Metaspace       used 108917K, capacity 112617K, committed 113024K, reserved 113024K
Event: 2161.226 GC heap after
Heap after GC invocations=4019 (full 3860):
 def new generation   total 78656K, used 78577K [0x04e00000, 0x0a350000, 0x0a350000)
  eden space 69952K,  99% used [0x04e00000, 0x0924fff8, 0x09250000)
  from space 8704K,  99% used [0x09250000, 0x09abc610, 0x09ad0000)
  to   space 8704K,   0% used [0x09ad0000, 0x09ad0000, 0x0a350000)
 tenured generation   total 174784K, used 174784K [0x0a350000, 0x14e00000, 0x14e00000)
   the space 174784K, 100% used [0x0a350000, 0x14e00000, 0x14e00000, 0x14e00000)
 Metaspace       used 108917K, capacity 112617K, committed 113024K, reserved 113024K
}
Event: 2161.229 GC heap before
{Heap before GC invocations=4019 (full 3860):
 def new generation   total 78656K, used 78655K [0x04e00000, 0x0a350000, 0x0a350000)
  eden space 69952K,  99% used [0x04e00000, 0x0924fff8, 0x09250000)
  from space 8704K,  99% used [0x09250000, 0x09acfeb0, 0x09ad0000)
  to   space 8704K,   0% used [0x09ad0000, 0x09ad0000, 0x0a350000)
 tenured generation   total 174784K, used 174784K [0x0a350000, 0x14e00000, 0x14e00000)
   the space 174784K, 100% used [0x0a350000, 0x14e00000, 0x14e00000, 0x14e00000)
 Metaspace       used 108917K, capacity 112617K, committed 113024K, reserved 113024K
Event: 2161.716 GC heap after
Heap after GC invocations=4020 (full 3861):
 def new generation   total 78656K, used 78574K [0x04e00000, 0x0a350000, 0x0a350000)
  eden space 69952K,  99% used [0x04e00000, 0x0924fff8, 0x09250000)
  from space 8704K,  99% used [0x09250000, 0x09abbab0, 0x09ad0000)
  to   space 8704K,   0% used [0x09ad0000, 0x09ad0000, 0x0a350000)
 tenured generation   total 174784K, used 174784K [0x0a350000, 0x14e00000, 0x14e00000)
   the space 174784K, 100% used [0x0a350000, 0x14e00000, 0x14e00000, 0x14e00000)
 Metaspace       used 108917K, capacity 112617K, committed 113024K, reserved 113024K
}
Event: 2161.926 GC heap before
{Heap before GC invocations=4020 (full 3861):
 def new generation   total 78656K, used 78655K [0x04e00000, 0x0a350000, 0x0a350000)
  eden space 69952K, 100% used [0x04e00000, 0x09250000, 0x09250000)
  from space 8704K,  99% used [0x09250000, 0x09acffe8, 0x09ad0000)
  to   space 8704K,   0% used [0x09ad0000, 0x09ad0000, 0x0a350000)
 tenured generation   total 174784K, used 174784K [0x0a350000, 0x14e00000, 0x14e00000)
   the space 174784K, 100% used [0x0a350000, 0x14e00000, 0x14e00000, 0x14e00000)
 Metaspace       used 108918K, capacity 112620K, committed 113024K, reserved 113024K
Event: 2162.480 GC heap after
Heap after GC invocations=4021 (full 3862):
 def new generation   total 78656K, used 78564K [0x04e00000, 0x0a350000, 0x0a350000)
  eden space 69952K,  99% used [0x04e00000, 0x0924ffc8, 0x09250000)
  from space 8704K,  98% used [0x09250000, 0x09ab9400, 0x09ad0000)
  to   space 8704K,   0% used [0x09ad0000, 0x09ad0000, 0x0a350000)
 tenured generation   total 174784K, used 174784K [0x0a350000, 0x14e00000, 0x14e00000)
   the space 174784K, 100% used [0x0a350000, 0x14e00000, 0x14e00000, 0x14e00000)
 Metaspace       used 108918K, capacity 112620K, committed 113024K, reserved 113024K
}
Event: 2162.485 GC heap before
{Heap before GC invocations=4021 (full 3862):
 def new generation   total 78656K, used 78655K [0x04e00000, 0x0a350000, 0x0a350000)
  eden space 69952K,  99% used [0x04e00000, 0x0924fff8, 0x09250000)
  from space 8704K,  99% used [0x09250000, 0x09acffb0, 0x09ad0000)
  to   space 8704K,   0% used [0x09ad0000, 0x09ad0000, 0x0a350000)
 tenured generation   total 174784K, used 174784K [0x0a350000, 0x14e00000, 0x14e00000)
   the space 174784K, 100% used [0x0a350000, 0x14e00000, 0x14e00000, 0x14e00000)
 Metaspace       used 108919K, capacity 112622K, committed 113024K, reserved 113024K
Event: 2162.957 GC heap after
Heap after GC invocations=4022 (full 3863):
 def new generation   total 78656K, used 78564K [0x04e00000, 0x0a350000, 0x0a350000)
  eden space 69952K,  99% used [0x04e00000, 0x0924fff8, 0x09250000)
  from space 8704K,  98% used [0x09250000, 0x09ab9240, 0x09ad0000)
  to   space 8704K,   0% used [0x09ad0000, 0x09ad0000, 0x0a350000)
 tenured generation   total 174784K, used 174784K [0x0a350000, 0x14e00000, 0x14e00000)
   the space 174784K, 100% used [0x0a350000, 0x14e00000, 0x14e00000, 0x14e00000)
 Metaspace       used 108919K, capacity 112622K, committed 113024K, reserved 113024K
}

Deoptimization events (0 events):
No events

Internal exceptions (10 events):
Event: 2124.910 Thread 0x1782a800 Exception <a 'java/lang/OutOfMemoryError'> (0x0a42ab40) thrown at [C:\re\workspace\8-2-build-windows-i586-cygwin\jdk8u45\3627\hotspot\src\share\vm\prims\jvm.cpp, line 1386]
Event: 2127.850 Thread 0x1782a800 Exception <a 'java/lang/OutOfMemoryError'> (0x0a42ab40) thrown at [C:\re\workspace\8-2-build-windows-i586-cygwin\jdk8u45\3627\hotspot\src\share\vm\gc_interface/collectedHeap.inline.hpp, line 159]
Event: 2127.850 Thread 0x1782a800 Exception <a 'java/lang/OutOfMemoryError'> (0x0a42ab40) thrown at [C:\re\workspace\8-2-build-windows-i586-cygwin\jdk8u45\3627\hotspot\src\share\vm\prims\jvm.cpp, line 1386]
Event: 2130.977 Thread 0x1782a800 Exception <a 'java/lang/OutOfMemoryError'> (0x0a42ab40) thrown at [C:\re\workspace\8-2-build-windows-i586-cygwin\jdk8u45\3627\hotspot\src\share\vm\gc_interface/collectedHeap.inline.hpp, line 159]
Event: 2130.978 Thread 0x1782a800 Exception <a 'java/lang/OutOfMemoryError'> (0x0a42ab40) thrown at [C:\re\workspace\8-2-build-windows-i586-cygwin\jdk8u45\3627\hotspot\src\share\vm\prims\jvm.cpp, line 1386]
Event: 2133.944 Thread 0x1782a800 Exception <a 'java/lang/OutOfMemoryError'> (0x0a42ab40) thrown at [C:\re\workspace\8-2-build-windows-i586-cygwin\jdk8u45\3627\hotspot\src\share\vm\gc_interface/collectedHeap.inline.hpp, line 159]
Event: 2133.944 Thread 0x1782a800 Exception <a 'java/lang/OutOfMemoryError'> (0x0a42ab40) thrown at [C:\re\workspace\8-2-build-windows-i586-cygwin\jdk8u45\3627\hotspot\src\share\vm\prims\jvm.cpp, line 1386]
Event: 2136.964 Thread 0x1782a800 Exception <a 'java/lang/OutOfMemoryError'> (0x0a42ab40) thrown at [C:\re\workspace\8-2-build-windows-i586-cygwin\jdk8u45\3627\hotspot\src\share\vm\gc_interface/collectedHeap.inline.hpp, line 159]
Event: 2136.964 Thread 0x1782a800 Exception <a 'java/lang/OutOfMemoryError'> (0x0a42ab40) thrown at [C:\re\workspace\8-2-build-windows-i586-cygwin\jdk8u45\3627\hotspot\src\share\vm\prims\jvm.cpp, line 1386]
Event: 2159.110 Thread 0x17359000 Exception <a 'java/lang/InterruptedException': sleep interrupted> (0x09acdcd8) thrown at [C:\re\workspace\8-2-build-windows-i586-cygwin\jdk8u45\3627\hotspot\src\share\vm\prims\jvm.cpp, line 3211]

Events (10 events):
Event: 2161.716 Thread 0x17a7b400 flushing nmethod 0x0360e3c8
Event: 2161.716 Thread 0x17a7b400 flushing nmethod 0x036c3808
Event: 2161.716 Thread 0x17a7b400 flushing nmethod 0x036d8948
Event: 2161.717 Thread 0x17a7b400 flushing nmethod 0x038fe748
Event: 2161.717 Thread 0x17a7b400 flushing nmethod 0x038fe948
Event: 2161.717 Thread 0x17a7b400 flushing nmethod 0x03903e88
Event: 2161.924 Executing VM operation: GenCollectForAllocation
Event: 2162.480 Executing VM operation: GenCollectForAllocation done
Event: 2162.484 Executing VM operation: GenCollectForAllocation
Event: 2162.957 Executing VM operation: GenCollectForAllocation done


Dynamic libraries:
0x00d20000 - 0x00d53000 	D:\jdk1.8.0_45\bin\java.exe
0x773f0000 - 0x77580000 	C:\Windows\SYSTEM32\ntdll.dll
0x74c40000 - 0x74d20000 	C:\Windows\System32\KERNEL32.DLL
0x75540000 - 0x75724000 	C:\Windows\System32\KERNELBASE.dll
0x71330000 - 0x713cd000 	C:\Windows\SYSTEM32\apphelp.dll
0x75cf0000 - 0x75d68000 	C:\Windows\System32\ADVAPI32.dll
0x74090000 - 0x7414f000 	C:\Windows\System32\msvcrt.dll
0x75480000 - 0x754c4000 	C:\Windows\System32\sechost.dll
0x749f0000 - 0x74ab0000 	C:\Windows\System32\RPCRT4.dll
0x73cb0000 - 0x73cd0000 	C:\Windows\System32\SspiCli.dll
0x73ca0000 - 0x73caa000 	C:\Windows\System32\CRYPTBASE.dll
0x73d40000 - 0x73d97000 	C:\Windows\System32\bcryptPrimitives.dll
0x74860000 - 0x749ed000 	C:\Windows\System32\USER32.dll
0x74c20000 - 0x74c37000 	C:\Windows\System32\win32u.dll
0x750a0000 - 0x750c2000 	C:\Windows\System32\GDI32.dll
0x75310000 - 0x75474000 	C:\Windows\System32\gdi32full.dll
0x75290000 - 0x7530d000 	C:\Windows\System32\msvcp_win.dll
0x74b00000 - 0x74c1d000 	C:\Windows\System32\ucrtbase.dll
0x70b00000 - 0x70d04000 	C:\Windows\WinSxS\x86_microsoft.windows.common-controls_6595b64144ccf1df_6.0.17134.885_none_42efda1e44e17f65\COMCTL32.dll
0x73da0000 - 0x73ffc000 	C:\Windows\System32\combase.dll
0x751d0000 - 0x751f6000 	C:\Windows\System32\IMM32.DLL
0x6f830000 - 0x6f8ef000 	D:\jdk1.8.0_45\jre\bin\msvcr100.dll
0x62510000 - 0x628d0000 	D:\jdk1.8.0_45\jre\bin\client\jvm.dll
0x74d20000 - 0x74d26000 	C:\Windows\System32\PSAPI.DLL
0x6f820000 - 0x6f828000 	C:\Windows\SYSTEM32\WSOCK32.dll
0x73cd0000 - 0x73d37000 	C:\Windows\System32\WS2_32.dll
0x71d80000 - 0x71da4000 	C:\Windows\SYSTEM32\WINMM.dll
0x73c90000 - 0x73c98000 	C:\Windows\SYSTEM32\VERSION.dll
0x71b20000 - 0x71b43000 	C:\Windows\SYSTEM32\WINMMBASE.dll
0x772c0000 - 0x772f9000 	C:\Windows\System32\cfgmgr32.dll
0x70e70000 - 0x70e7c000 	D:\jdk1.8.0_45\jre\bin\verify.dll
0x6f7f0000 - 0x6f811000 	D:\jdk1.8.0_45\jre\bin\java.dll
0x63180000 - 0x631a9000 	D:\jdk1.8.0_45\jre\bin\jdwp.dll
0x6e900000 - 0x6e907000 	D:\jdk1.8.0_45\jre\bin\npt.dll
0x63140000 - 0x63173000 	C:\Users\Administrator\.IntelliJIdea2019.2\config\plugins\jr-ide-idea\lib\jrebel6\lib\jrebel32.dll
0x75f70000 - 0x772ba000 	C:\Windows\System32\SHELL32.dll
0x746d0000 - 0x74758000 	C:\Windows\System32\shcore.dll
0x75730000 - 0x75cea000 	C:\Windows\System32\windows.storage.dll
0x74d40000 - 0x74d85000 	C:\Windows\System32\shlwapi.dll
0x746c0000 - 0x746cf000 	C:\Windows\System32\kernel.appcore.dll
0x75200000 - 0x75218000 	C:\Windows\System32\profapi.dll
0x754e0000 - 0x75525000 	C:\Windows\System32\powrprof.dll
0x74d30000 - 0x74d38000 	C:\Windows\System32\FLTLIB.DLL
0x67f60000 - 0x67f80000 	D:\jdk1.8.0_45\jre\bin\instrument.dll
0x70060000 - 0x70073000 	D:\jdk1.8.0_45\jre\bin\zip.dll
0x6e630000 - 0x6e638000 	D:\jdk1.8.0_45\jre\bin\dt_socket.dll
0x72810000 - 0x72866000 	C:\Windows\system32\mswsock.dll
0x6f4b0000 - 0x6f4ba000 	D:\jdk1.8.0_45\jre\bin\management.dll
0x6f910000 - 0x6f925000 	D:\jdk1.8.0_45\jre\bin\net.dll
0x70360000 - 0x7036f000 	D:\jdk1.8.0_45\jre\bin\nio.dll
0x6e190000 - 0x6e1b0000 	D:\jdk1.8.0_45\jre\bin\sunec.dll
0x63120000 - 0x63136000 	C:\Users\Administrator\AppData\Local\Temp\jrebel-temp\ver-c62900d7\IdeaWin32.dll
0x6f500000 - 0x6f509000 	D:\jdk1.8.0_45\jre\bin\sunmscapi.dll
0x74d90000 - 0x74f26000 	C:\Windows\System32\CRYPT32.dll
0x75530000 - 0x7553e000 	C:\Windows\System32\MSASN1.dll
0x730c0000 - 0x730d3000 	C:\Windows\SYSTEM32\CRYPTSP.dll
0x72880000 - 0x728af000 	C:\Windows\system32\rsaenh.dll
0x73450000 - 0x73469000 	C:\Windows\SYSTEM32\bcrypt.dll
0x73bf0000 - 0x73c11000 	C:\Windows\SYSTEM32\USERENV.dll
0x73a00000 - 0x73a30000 	C:\Windows\SYSTEM32\IPHLPAPI.DLL
0x754d0000 - 0x754d7000 	C:\Windows\System32\NSI.dll
0x70fa0000 - 0x70fb3000 	C:\Windows\SYSTEM32\dhcpcsvc6.DLL
0x730e0000 - 0x730f4000 	C:\Windows\SYSTEM32\dhcpcsvc.DLL
0x72700000 - 0x72711000 	C:\Windows\system32\napinsp.dll
0x726e0000 - 0x726f6000 	C:\Windows\system32\pnrpnsp.dll
0x726c0000 - 0x726d3000 	C:\Windows\system32\NLAapi.dll
0x72630000 - 0x726be000 	C:\Windows\SYSTEM32\DNSAPI.dll
0x72620000 - 0x7262c000 	C:\Windows\System32\winrnr.dll
0x72600000 - 0x72611000 	C:\Windows\System32\wshbth.dll
0x72750000 - 0x72758000 	C:\Windows\System32\rasadhlp.dll
0x723c0000 - 0x7240f000 	C:\Windows\System32\fwpuclnt.dll
0x72ce0000 - 0x72e62000 	C:\Windows\SYSTEM32\dbghelp.dll

VM Arguments:
jvm_args: -agentlib:jdwp=transport=dt_socket,address=127.0.0.1:51485,suspend=y,server=n -Drebel.base=C:\Users\Administrator\.jrebel -Drebel.env.ide.plugin.version=2019.1.0 -Drebel.env.ide.version=2019.2 -Drebel.env.ide.product=IU -Drebel.env.ide=intellij -Drebel.notification.url=http://localhost:63446 -agentpath:C:\Users\Administrator\.IntelliJIdea2019.2\config\plugins\jr-ide-idea\lib\jrebel6\lib\jrebel32.dll -XX:TieredStopAtLevel=1 -Xverify:none -Dspring.output.ansi.enabled=always -Dcom.sun.management.jmxremote -Dspring.jmx.enabled=true -Dspring.liveBeansView.mbeanDomain -Dspring.application.admin.enabled=true -javaagent:C:\Users\Administrator\AppData\Local\JetBrains\Toolbox\apps\IDEA-U\ch-0\192.5728.98\plugins\java\lib\rt\debugger-agent.jar -Dfile.encoding=UTF-8 
java_command: com.pwd.pc.PCBootstrap
java_class_path (initial): D:\jdk1.8.0_45\jre\lib\charsets.jar;D:\jdk1.8.0_45\jre\lib\deploy.jar;D:\jdk1.8.0_45\jre\lib\ext\access-bridge-32.jar;D:\jdk1.8.0_45\jre\lib\ext\cldrdata.jar;D:\jdk1.8.0_45\jre\lib\ext\dnsns.jar;D:\jdk1.8.0_45\jre\lib\ext\jaccess.jar;D:\jdk1.8.0_45\jre\lib\ext\jfxrt.jar;D:\jdk1.8.0_45\jre\lib\ext\localedata.jar;D:\jdk1.8.0_45\jre\lib\ext\nashorn.jar;D:\jdk1.8.0_45\jre\lib\ext\sunec.jar;D:\jdk1.8.0_45\jre\lib\ext\sunjce_provider.jar;D:\jdk1.8.0_45\jre\lib\ext\sunmscapi.jar;D:\jdk1.8.0_45\jre\lib\ext\sunpkcs11.jar;D:\jdk1.8.0_45\jre\lib\ext\zipfs.jar;D:\jdk1.8.0_45\jre\lib\javaws.jar;D:\jdk1.8.0_45\jre\lib\jce.jar;D:\jdk1.8.0_45\jre\lib\jfr.jar;D:\jdk1.8.0_45\jre\lib\jfxswt.jar;D:\jdk1.8.0_45\jre\lib\jsse.jar;D:\jdk1.8.0_45\jre\lib\management-agent.jar;D:\jdk1.8.0_45\jre\lib\plugin.jar;D:\jdk1.8.0_45\jre\lib\resources.jar;D:\jdk1.8.0_45\jre\lib\rt.jar;D:\workspace2\ace-security\ace-modules\ace-pc\target\classes;D:\maven\repository\org\hamcrest\hamcrest-core\1.3\hamcrest-core-1.3.jar;D:\workspace2\ace-security\ace-common\target\classes;D:\maven\repository\org\apache\commons\commons-io\1.3.2\commons-io-1.3.2.jar;D:\maven\repository\tk\mybatis\mapper\3.4.0\mapper-3.4.0.jar;D:\maven\repository\javax\persistence\persistence-api\1.0\persistence-api-1.0.jar;D:\maven\repository\org\springframework\spring-beans\5.1.4.RELEASE\spring-beans-5.1.4.RELEASE.jar;D:\maven\repository\com\github\pagehelper\pagehelper\5.0.3\pagehelper-5.0.3.jar;D:\maven\repository\com\github\jsqlparser\jsqlparser\1.0\jsqlparser-1.0.jar;D:\maven\repository\org\springframework\spring-web\5.1.4.RELEASE\spring-web-5.1.4.RELEASE.jar;D:\maven\repository\io\jsonwebtoken\jjwt\0.7.0\jjwt-0.7.0.jar;D:\maven\repository\com\fasterxml\jackson\core\jackson-databind\2.9.8\jackson-databind-2.9.8.jar;D:\maven\repository\joda-time\joda-time\2.10.1\joda-time-2.10.1.jar;D:\maven\repository\org\apache\poi\poi\4.0.1\poi-4.0.1.jar;D:\maven\repository\commons-codec\commons-codec\1.11\commons-codec-1
Launcher Type: SUN_STANDARD

Environment Variables:
JAVA_HOME=D:\jdk1.8.0_45
PATH=C:\Users\Administrator\AppData\Local\JetBrains\Toolbox\apps\IDEA-U\ch-0\192.5728.98\jbr\\bin;C:\Users\Administrator\AppData\Local\JetBrains\Toolbox\apps\IDEA-U\ch-0\192.5728.98\jbr\\bin\server;C:\Program Files (x86)\Common Files\Oracle\Java\javapath;C:\ProgramData\Oracle\Java\javapath;C:\Windows\system32;C:\Windows;C:\Windows\System32\Wbem;C:\Windows\System32\WindowsPowerShell\v1.0\;C:\Windows\System32\OpenSSH\;D:\Git\cmd;D:\mysql-8.0.15-winx64\bin;D:\jdk1.8.0_45\bin;D:\TortoiseSVN\bin;C:\Program Files\nodejs;C:\Users\Administrator\AppData\Local\Microsoft\WindowsApps;C:\Users\Administrator\AppData\Roaming\npm
USERNAME=Administrator
OS=Windows_NT
PROCESSOR_IDENTIFIER=Intel64 Family 6 Model 142 Stepping 9, GenuineIntel



---------------  S Y S T E M  ---------------

OS: Windows 10.0 , 64 bit Build 17134 (10.0.17134.753)

CPU:total 4 (2 cores per cpu, 2 threads per core) family 6 model 142 stepping 9, cmov, cx8, fxsr, mmx, sse, sse2, sse3, ssse3, sse4.1, sse4.2, popcnt, avx, avx2, aes, clmul, erms, 3dnowpref, lzcnt, ht, tsc, tscinvbit, bmi1, bmi2, adx

Memory: 4k page, physical 8302504k(1864668k free), swap 17215400k(4374704k free)

vm_info: Java HotSpot(TM) Client VM (25.45-b02) for windows-x86 JRE (1.8.0_45-b15), built on Apr 30 2015 12:31:00 by "java_re" with MS VC++ 10.0 (VS2010)

time: Sun Aug 18 05:01:57 2019
elapsed time: 2163 seconds (0d 0h 36m 3s)

